3 167 108 39
3 116 72 148
3 54 103 276
3 216 249 294
3 0 164 259
3 180 85 127
3 53 87 197
3 222 212 146
3 270 296 203
3 24 23 273
3 66 76 70
3 17 248 107
3 46 75 260
3 299 132 27
3 286 235 289
3 199 57 42
3 166 6 295
3 122 2 155
3 99 269 83
3 115 20 208
3 231 188 204
3 263 5 207
3 267 176 50
3 86 157 21
3 172 137 226
3 64 40 73
3 280 163 143
3 268 200 245
3 291 139 15
3 118 58 224
3 56 124 223
3 183 171 233
3 191 47 67
3 93 81 140
3 100 91 257
3 34 239 161
3 175 61 1
3 193 262 151
3 253 18 49
3 38 79 284
3 211 227 214
3 187 198 89
3 52 158 131
3 117 215 154
3 22 136 94
3 229 202 135
3 246 250 25
3 230 189 170
3 169 144 206
3 51 60 244
3 278 145 63
3 130 149 48
3 9 32 290
3 134 78 104
3 225 37 16
3 45 69 205
3 7 298 126
3 26 297 13
3 255 277 258
3 55 97 219
3 165 218 43
3 3 102 11
3 168 178 98
3 4 113 272
3 109 240 96
3 274 71 201
3 254 283 119
3 264 252 101
3 90 236 121
3 8 153 111
3 275 287 243
3 186 82 95
3 110 159 106
3 220 138 114
3 251 237 196
3 147 105 285
3 184 133 152
3 173 266 181
3 247 150 185
3 44 174 10
3 182 228 282
3 279 160 288
3 31 209 112
3 84 217 59
3 120 292 68
3 29 125 256
3 128 14 293
3 192 62 265
3 129 92 141
3 30 177 156
3 41 74 12
3 261 241 271
3 195 281 242
3 210 35 213
2 88 80
2 238 190
2 28 19
2 77 162
2 194 123
2 232 142
