18 677 4855 4829 8228 4776 2621 890 1291 2086 2493 5728 3884 8457 7283 8130 8910 2441 3618
21 769 519 3692 6654 7082 2657 5888 9610 3784 9612 7726 4096 732 1493 2712 9161 8333 7202 5760 590 247
21 4377 4618 1866 6404 5572 3403 9549 5503 9846 7562 9823 9800 2501 3101 8812 3678 204 8636 6258 7758 4042
22 6689 5860 9730 2208 6690 6215 9988 1678 4883 7546 1797 8259 1297 1960 9302 8127 4395 6869 5624 3343 4752 4735
21 1066 9888 3707 2043 7740 3698 1577 5697 6881 3291 639 2175 5524 5196 7670 9271 746 8602 2457 9176 9484
21 7463 5424 8271 5808 9768 8786 7554 5012 7245 1412 3305 4689 9709 8676 7439 4576 2472 2564 5978 7943 5960
17 7499 6916 5200 7474 3399 6246 9241 7084 6377 4688 653 5075 1173 296 1966 1290 7404
15 2920 273 6071 8013 9853 2996 4749 4041 1257 5480 8907 7888 4418 8898 1001
21 4742 3444 1993 7864 8739 1955 782 3054 9539 7829 586 1029 4567 4097 8734 603 7485 8205 4554 2019 3643
20 4094 4307 5161 3197 4437 9627 5285 9743 5036 1745 138 724 3808 1782 347 6049 1739 6534 2610 737
21 5769 6952 7188 4260 5510 2455 3921 5656 7171 4270 5462 8289 7454 2708 2222 2195 6731 4769 3405 9736 7192
21 4008 55 2313 567 271 9282 6058 2180 4400 1521 6808 2808 7570 3283 5427 1704 2779 5095 1961 3408 8199
20 7475 372 8204 3276 2436 7249 5182 3879 6213 286 893 6240 9480 2256 2868 3440 8114 5342 1909 9131
13 5497 222 6321 7216 8317 7400 8709 4357 7596 6827 2280 8519 5790
21 3817 541 2774 7398 8449 9806 1500 3732 2613 7916 2397 4263 6846 6697 5595 6957 8765 3644 1052 9834 1813
21 4601 6695 8425 1950 3706 955 8459 513 780 66 7315 4113 2737 126 6948 5483 4192 140 3041 5661 1722
21 8310 2559 4586 2233 9246 3188 7737 6985 2578 3165 6838 2151 1065 5360 2282 2575 8880 8866 6569 4040 8825
21 8518 2576 7799 696 9087 3317 3605 5539 6809 7642 6367 2082 4547 4560 8052 5752 5290 6573 2847 2271 6212
17 6002 961 6039 8688 552 7508 3498 1911 8697 6619 3151 1675 4425 9521 246 910 224
21 9393 4894 4788 5387 9851 7648 989 9872 2355 7103 3157 133 1277 8438 1183 5206 9692 2064 9669 805 2836
19 6783 7040 5649 5050 4585 4227 5160 5567 5824 3269 9080 6636 6660 2574 5617 3529 70 2243 9329
22 606 5086 385 7868 1244 5415 5528 4511 1313 6903 5837 2220 9298 338 7735 3376 2778 7523 2098 13 3791 4779
21 1305 3149 4098 3245 9595 8784 6392 4372 7636 6902 3874 4125 9355 6286 8668 5574 9098 8964 9061 5361 6792
20 5335 8703 6694 3826 5746 409 381 9678 91 1716 6963 3753 5233 9233 6980 5691 6285 3677 1865 9281
21 9305 4143 1269 4233 3462 615 9419 1079 374 8296 8799 3645 453 6620 2303 5916 9197 7268 1599 3749 143
20 4059 920 8184 2924 3691 6587 3127 7967 6862 3893 5614 6937 5085 4923 7559 8320 6981 8884 3562 1212
21 88 5885 9670 2536 5034 8832 8915 6356 1352 8018 2568 3501 3962 1164 7443 8859 8456 2594 8385 8701 4901
21 2432 24 6160 7114 1100 2401 7876 32 7785 5701 2842 67 1468 1824 5288 7895 7826 4189 4741 7533 4600
9 7861 4346 7468 4075 3260 1680 6448 749 6702
20 672 9523 6633 1609 1734 3068 3554 6601 3364 7984 7167 9785 9941 3660 760 9356 2798 3797 5988 2586
21 3156 3855 5402 7156 9191 8040 596 6638 1725 1429 9000 4486 6442 2545 7695 6553 9854 7184 8311 3427 3679
21 7965 9679 5245 8713 5554 3602 8796 3636 2404 9566 6379 8550 2633 9863 7958 3881 2890 9051 8487 5215 6445
20 8708 1528 4066 4208 2520 9452 290 3701 5082 4907 2901 1800 3351 1885 6791 8472 307 3671 6294 5953
16 8175 117 743 3647 2205 8003 8811 6047 3920 6691 4765 7008 3162 3858 5148 2848
21 6706 5716 4056 3333 2788 9556 9874 4602 1294 1325 6519 122 8593 5729 8846 87 2266 5439 9025 7136 6087
20 423 3555 8375 6748 797 1053 939 400 565 2916 4099 4828 6378 4279 6539 5807 532 5224 1522 9638
20 2356 3103 2507 4781 6851 7637 8991 4764 4331 2174 5329 9155 4979 3553 3888 7244 411 9596 8279 9374
20 3869 1353 1724 7993 5189 4246 1201 9538 2732 1595 7415 7262 9428 3214 503 2953 6954 2946 1327 998
21 2571 583 7293 817 6786 41 326 761 1324 8486 7414 9330 6137 5655 8496 7029 3837 7374 5545 3975 7115
21 5299 8559 8698 477 8323 8434 9562 7628 7276 2453 9911 4167 9758 9967 1167 3804 6369 3071 4996 1805 1559
24 6815 157 2508 8897 325 4643 8686 934 3483 4624 951 3802 444 8659 8293 1047 217 9807 1397 5379 964 9615 8538 6099
21 9707 9283 1794 1406 4575 5025 8059 3477 4798 7817 319 6353 9629 6758 878 7126 8626 7983 7951 3612 6350
21 9409 2912 8587 5358 6068 9286 2570 100 7777 2292 3425 202 517 8680 551 4131 4726 3250 5047 748 7705
20 9514 2316 166 7217 4266 891 1803 8691 7857 9554 1357 7124 9866 4738 3695 3932 2985 3836 8552 1343
20 2720 3988 1879 1593 4170 1276 3375 7692 8737 7445 4921 9407 6940 7354 3059 5056 8454 2905 794 9172
20 6277 7401 7911 7889 3384 4630 7683 2952 1349 3657 6036 2051 4265 7377 6668 9008 9622 5499 1570 2049
20 1543 1888 7229 9347 328 2915 1830 4782 7856 6969 1259 2504 1314 9244 7333 9500 8777 108 1602 710
20 7928 5341 3168 7320 892 1218 4396 1263 4497 1330 1907 2153 6204 195 4579 5884 9606 5688 1093 9673
21 84 7141 6424 9935 6455 1200 9680 4115 2105 8876 5619 9838 6605 5862 1485 4708 785 860 5581 2277 5536
20 2949 2020 8509 5359 4794 7465 1503 5678 2673 691 1820 8027 1217 812 9598 7033 7338 5926 4079 7375
20 4525 1664 8564 1384 7357 8835 3938 9182 6407 3098 3085 9479 9886 2150 4448 981 4392 2583 6595 8556
21 6807 585 8213 8302 5487 4848 417 4035 9262 992 833 5527 5767 6565 2832 1360 7317 8142 4540 2529 7898
21 5235 4637 6965 4414 2422 248 9757 6538 9276 2979 6746 1861 5512 1171 2371 931 4294 7885 3863 3284 3347
21 6263 6663 3565 1210 2286 9468 8656 9985 3583 422 1211 1504 5208 7879 1964 8478 346 9373 9555 5687 1092
20 4839 2869 3008 7704 4200 8573 5663 1496 6491 8103 6443 17 8381 4771 7332 7261 8313 430 5631 3883
21 9003 6961 3410 1773 4935 4225 2787 2919 6283 4046 215 4219 7016 7500 3587 3831 3084 2976 7722 4542 2196
21 7429 29 2531 4387 3024 5748 6710 208 3793 9844 9361 304 184 5611 7887 9094 2725 314 4649 690 9380
20 1097 1833 6529 7180 661 7574 1601 1884 1182 3896 7341 6863 2494 6227 2201 4151 8919 3417 3500 2691
20 2135 741 5971 8055 9666 8351 6186 2464 5576 715 2910 5981 3747 8887 2489 9491 755 4308 5876 1020
20 5445 2986 6189 3951 3424 3541 718 506 46 9481 6865 5700 5385 125 6077 5680 8514 2888 7719 4157
21 1335 8406 2327 3651 3461 1223 4869 3112 2360 2547 6708 6772 9091 6385 7908 5142 6411 9296 679 4133 5850
20 5440 5598 6843 5615 4455 2566 5240 1910 178 4853 7006 9136 77 4745 2022 3094 1665 1295 9940 8122
21 5300 9411 7849 1323 7406 7243 5303 4171 3326 8956 1392 3282 8129 7605 2295 9174 7544 8724 9711 1359 5749
21 9325 3281 3527 9974 206 2399 172 1106 907 5014 865 2959 4369 3960 2496 8408 2460 5460 8226 5003 1408
20 4090 3025 1883 5875 9691 4980 1550 9477 9684 2797 1790 4718 3473 7179 4389 8600 51 1636 9214 3313
20 9976 2941 4536 6849 2293 168 483 3789 9375 969 6120 5537 9651 9565 9279 5791 9771 1809 4962 3120
20 9752 9979 1332 2714 3601 655 4613 92 1511 9812 3505 7647 7298 4621 2752 2707 7540 341 82 4158
22 1315 5406 5343 2641 1852 3263 9634 8155 7041 2558 2206 3121 1317 8689 6337 3132 8409 5750 8943 6145 4977 6917
20 2519 8962 6044 8158 2975 9633 5719 9832 9564 9641 2366 7440 1050 738 2484 6428 2870 421 9461 8147
21 5192 8420 8787 5491 530 9926 4250 7253 9948 8257 2393 255 3233 1224 5199 5015 9013 6177 9818 5130 5248
20 3307 4842 7186 6199 2928 3411 3666 8768 4034 4786 1389 3470 863 525 5706 6852 6468 5044 7042 336
21 2465 9675 4873 1492 9306 1804 266 4007 7730 7595 5123 6391 4746 5963 4370 2761 8723 1149 8580 3387 1456
21 3549 8395 6418 3540 6804 3083 8042 2696 1109 5514 6642 4312 7260 6471 9855 9529 3268 7530 6147 1085 2134
20 8477 297 4984 4706 5856 1010 8133 572 6967 1008 280 11 1154 7419 4954 2723 5447 9467 2289 455
20 6466 1005 6607 4223 8574 6718 9557 3993 2362 3909 7654 282 2994 6055 160 5492 3978 302 566 2897
20 8640 7640 8086 2357 9316 8309 2934 5263 6589 6156 2040 6231 1597 2389 9531 5153 8235 8716 2794 7460
20 713 7877 3697 6135 1251 1233 8128 6216 3290 949 387 5210 2756 1945 3385 6022 410 2679 5230 6467
20 6831 3471 5222 7451 4910 7580 1963 8955 7263 462 5725 4533 4032 1611 3467 413 5410 5011 5474 3204
20 2883 4495 9166 1024 9012 8285 8681 1733 1081 8312 8963 4489 4454 9597 4822 3243 5264 6368 3838 9906
20 700 3457 2828 1013 3572 2780 2967 9738 2033 2781 2054 8366 3072 7797 8399 7858 2503 8867 2492 6113
20 3607 489 2296 1860 9274 2973 3840 7211 8938 2898 7806 7462 6778 7322 1498 5231 7970 8507 5753 1304
20 5324 2061 6269 9402 6741 6711 6000 2776 5838 3621 536 6726 2340 8810 8465 5781 4994 371 3543 207
20 5970 580 2603 8024 6450 7312 6438 5228 5170 4347 3765 1624 4359 3198 4146 9922 4077 5055 5865 4292
20 2917 8675 3655 5744 9813 3073 9654 8504 6784 516 9240 7007 9877 7072 5022 2168 555 8608 5825 4691
20 187 9216 6913 8979 6192 5892 4101 2160 649 4498 6140 7587 9113 6086 3943 8537 8685 8380 8137 2993
19 5018 6198 1563 5212 6749 6446 8617 6375 862 7292 6483 7969 8853 8769 8423 810 316 3929 6260
21 9140 3564 7088 6159 1121 8823 9492 853 9440 8033 4685 1395 3763 4565 8241 3768 8393 4193 9454 3609 707
20 8329 5304 4475 6747 608 4285 3026 6584 9177 9228 6839 7547 238 3266 4336 1083 3187 2855 9317 5063
20 4071 8728 7810 3170 5369 8382 3906 8555 4398 7234 1638 6908 8197 3361 2029 504 4375 3310 5855 4577
21 7070 9581 7064 4877 2511 4502 1272 3435 8990 3895 1612 5880 2947 2757 2232 5144 1044 5030 8265 1350 7673
20 3253 6900 7287 9473 3976 8157 6454 4930 4888 716 4111 2024 4429 7848 888 426 6183 1683 7289 8839
20 9847 6456 9820 8458 128 9104 6398 85 3062 9077 3007 3999 9193 6175 5826 8625 7946 598 447 5048
19 4309 4150 8578 8766 4552 5511 4696 924 692 5042 547 6738 7921 7431 2094 7618 9387 7001 1055
20 9619 1735 7709 8209 7677 5507 7787 5799 9975 599 8450 9706 4982 2555 5194 3653 7484 7991 4 8879
20 3167 8179 658 2942 3029 5120 5779 8882 886 52 9934 8748 8513 7345 8754 885 9898 8090 7906 7496
20 1138 9207 6662 9137 5466 5771 7382 4485 4384 4677 83 1337 414 974 6478 7139 4413 4354 9259 3125
20 8731 2008 6485 4885 3176 4673 8791 6814 7043 1943 1292 5101 8673 6612 6315 7644 2262 289 9558 4891
21 1757 375 8783 3990 2605 2992 8034 9202 8860 1912 4086 9085 7944 420 7212 3996 7181 6653 3264 9294 2697
20 1515 610 5227 3208 6304 9830 6021 4139 300 1271 8186 5023 6604 8050 9907 630 5429 9095 5508 1378
20 3629 6228 7455 9649 5006 6128 9511 942 9570 5770 7987 4590 9331 9386 2800 7491 3922 3641 4568 7154
21 7956 2278 3049 3640 1674 502 1792 3414 5584 2290 3372 3907 3242 8280 1730 2750 5354 648 5973 2334 4972
20 6670 8840 1637 4428 4184 2537 4291 2771 709 8631 5188 8974 4620 999 7240 1742 6449 4269 8332 3042
21 303 957 8736 8629 4661 69 2181 9033 1846 1799 7222 37 5157 9235 5392 1928 2925 1641 4904 6074 706
20 6901 4882 8489 699 200 5699 1863 6639 9101 2875 3075 1967 8242 1572 628 4488 988 4242 3255 2203
20 7399 3239 1228 2106 8328 8419 7034 5267 1168 30 8764 1471 9162 8135 3456 4010 5311 9369 1758 4243
20 6822 734 5727 7329 3866 6856 1667 9134 3839 9701 4499 2859 8390 2419 6233 5788 3745 8858 6978 8019
21 1867 8342 2738 5393 9469 4558 7208 8176 2377 5074 9001 3550 1130 2351 1657 6964 8349 6070 9290 1086 2936
21 3442 5902 7711 5990 5890 4153 2639 4880 175 3798 4892 5083 6414 6043 5333 2647 2347 8195 6096 6766 5174
20 4758 445 7028 6658 3891 4421 8682 8367 8485 3499 7998 5929 7417 2012 2932 5454 7739 7669 3012 2724
20 6412 1815 7140 7020 8198 4016 8831 1968 5564 9724 7394 7781 8283 7728 1648 345 3106 4126 3656 4592
20 1273 6649 2324 5743 4194 6255 1723 6048 3082 294 9574 7507 6798 4289 2331 4306 8238 1585 5312 3825
20 2247 61 3546 726 3821 802 5783 6643 2291 1045 9734 4290 1827 4513 2066 3944 5935 6993 5931 1300
20 7657 9626 3294 7104 7428 7666 1873 7759 1256 4638 3231 4473 473 1671 2469 1437 7307 3945 4683 3289
20 4379 6656 8262 6924 6168 9631 6771 102 3746 7271 8807 3392 914 8039 9315 1076 4610 2683 1837 2926
20 8292 3743 2589 2711 1054 8079 7411 2072 7569 4667 5464 2955 9442 2873 9093 932 8369 7831 6931 7058
21 3090 3371 6139 8029 6360 3885 8368 8403 9962 4775 1603 2631 3979 5882 5109 2579 6354 5928 2287 6976 2516
20 4494 3667 9406 3067 7631 3058 3807 6270 9424 7894 2438 278 877 5796 4655 7487 5459 9210 7017 8921
20 1209 622 8932 2538 7638 1997 3038 4541 3451 9980 275 5262 2611 3659 5643 5609 2165 2843 5202 4968
20 5934 7952 7687 7129 4112 6012 8854 4966 1862 7532 7624 4851 8817 6174 4945 2772 3899 9885 7228 4929
21 6381 9901 1170 8699 9412 3200 8772 8973 3648 1104 5278 2437 5778 1941 745 2306 9399 3600 5551 5463 8947
20 9084 219 1407 2512 8203 9297 5627 1331 7576 3584 8105 256 5220 9488 5987 8611 7079 9792 3559 5108
21 5868 9020 3409 3329 277 439 3542 2831 2753 2164 5039 3011 8873 4234 8771 4053 4640 4516 4976 1939 3637
20 2695 6361 7435 9052 2957 3717 830 4652 8671 1302 4711 5102 9506 2336 8041 9777 6107 9782 3480 976
21 5693 9291 3249 9128 2335 7086 8856 7246 9209 1338 4734 9351 859 9218 3365 8358 3954 8849 7996 1858 1473
20 4078 2429 1447 7512 8548 95 3319 9923 6476 9438 395 7645 3489 8336 6372 6419 1238 4611 5896 2865
21 1992 9187 1605 9852 3490 4410 9190 9617 6272 9288 342 9043 6130 5645 9108 1571 2435 3184 4697 669 4432
20 2735 7957 190 2748 6164 7874 1175 8951 7761 7915 6684 6444 2358 227 6388 1080 4363 9747 4506 9304
20 9313 268 1784 2079 8277 3830 4137 6280 9963 4594 7205 6187 9350 9323 5397 4859 7214 9120 2839 2755
20 568 113 7612 2838 3865 3816 9018 8695 546 5219 1203 4033 4218 114 9892 6826 7251 4886 321 3528
20 3055 5381 9046 945 5710 2539 8795 5043 3532 2565 365 1720 3982 5355 6551 1379 2361 1514 2540 2664
20 5717 6767 9405 8020 5698 1640 1729 6024 4491 5372 670 386 5739 7294 9662 5871 792 5443 2410 1558
20 474 1227 6123 627 3989 4299 7492 5866 1110 7592 6211 3 8813 4650 7514 1185 1825 4149 7356 1646
20 7561 5027 3148 6110 8715 3991 895 8151 5033 9859 7525 1075 9470 7932 625 3189 1128 2421 4911 5370
20 9563 9698 6502 2006 5214 2305 2442 1587 7808 9482 2636 6785 7619 6990 2569 2372 5894 6973 1472 3619
20 1560 554 5218 1512 3129 5777 98 2385 6593 3757 6810 958 7583 5906 1917 3720 2689 2152 2845 7437
22 6541 9733 9685 6307 6836 2497 8989 7901 5135 147 9789 5583 1783 9335 2552 5336 9728 2392 6606 787 7577 165
20 8950 6780 1838 7230 4196 9382 9116 9537 1480 6223 6682 3045 1965 7264 1575 8092 7953 9277 8001 9117
21 4435 5881 8149 4693 6951 1580 1460 2585 4756 6882 9319 7796 5704 3756 7551 6588 4341 2488 6302 3434 6676
20 3580 394 3236 8435 6206 3108 9527 2802 6737 7145 6821 2129 6149 7175 1440 6760 6343 4310 4606 5501
20 549 19 3579 2791 9965 8816 2140 6896 3261 5451 2104 5122 3939 814 4527 6472 6701 9067 8384 8959
20 768 6493 4959 5089 2904 7172 6305 7278 1455 4981 8383 9183 7832 1329 1205 9841 4700 1544 6650 3985
20 4948 3459 7792 9045 6764 4318 8742 1583 1643 8494 7220 7024 50 3684 6835 882 9434 3422 4332 7472
20 8878 9628 5535 5695 8273 1738 8164 9694 3710 6292 3397 2895 5403 2427 3254 1600 5964 7751 8424 2225
20 9913 665 7567 6316 531 7548 2505 4714 9667 5768 4378 4407 7385 1890 4755 8894 7044 845 5265 2530
20 2015 6425 9696 3616 5069 6652 8869 7515 1248 2241 695 4809 2634 1375 5755 8132 9189 5455 1318 4120
19 1105 2927 3124 4617 2095 9632 544 8159 9023 512 8997 6667 3769 6095 1374 9280 7311 4057 3380
19 311 5422 2799 159 8243 9027 8883 9767 4663 801 7012 7982 6109 9794 5922 1731 8770 4156 4725
20 6403 2482 1886 177 2661 2304 2141 9968 3308 5587 4237 7656 5261 460 3486 2301 5731 3400 1887 8154
20 7109 9769 1647 9947 2930 5853 3190 2388 6915 7791 1516 4188 2584 4201 5965 390 3819 8404 4091 6221
19 6031 2681 6739 5351 7883 9972 7812 1069 754 3123 8992 3577 5774 9695 2450 4424 4695 8337 8217
17 3696 4699 1391 9248 3673 8212 9378 7552 7003 7421 6841 2962 182 3140 8152 2818 6185
19 4679 292 9889 4969 3997 7920 2526 9722 5675 5419 1621 1916 2047 2807 1812 7489 9650 6257 4145
18 1178 8118 1355 1048 4564 2863 6733 4330 213 4036 4342 6646 373 9223 469 6080 1677 3617
19 719 2626 9475 4544 2035 8134 4555 5911 619 7721 5216 8315 6040 834 7423 5521 9499 9614 8535
18 6252 9944 6930 8871 8547 2945 2213 1748 5575 1691 4721 6136 4315 8100 9993 2227 1306 6613
19 563 2884 8062 118 193 9208 5715 4456 1926 824 9269 6092 6275 1848 6950 3715 5436 1230 5665
18 8773 7689 2281 5040 689 4217 253 2459 1151 3800 7308 6867 6732 2161 9793 5057 1701 8847
14 7013 2396 7327 5389 5155 1673 7752 4860 4702 58 7215 5458 795 181
14 2384 433 9884 7608 8738 2183 331 8427 2223 2013 49 4790 4750 8480
13 8670 9222 2038 7305 7107 1017 2816 3175 3604 9956 8647 401 3969
12 8890 8621 3713 7620 2705 7074 9959 7964 234 7035 3185 7783
20 2841 7929 2944 7975 2856 2250 751 9165 6659 1584 2089 5529 8841 1906 8570 5657 383 7985 1003 7173
20 1507 4214 3918 8586 2118 9640 611 7912 6237 9584 5692 4591 1382 8905 2727 8908 6373 7649 7714 9677
20 4837 4058 8189 1030 8346 9795 922 8642 3901 2921 490 6326 7331 9017 5677 8751 2823 7880 9909 9552
20 8690 1040 2166 7117 9078 7870 2741 6719 9028 8148 2375 405 1727 7032 337 6487 2987 3113 3535 1569
20 3270 6724 1414 4537 9559 6818 3057 2394 8970 8401 1656 5172 2279 9518 9365 2743 6153 4267 6721 5173
20 7509 1776 1438 7553 4164 8554 2409 7746 7691 8416 1420 2861 1920 972 9034 6278 5932 5623 4311 8700
20 3912 9449 6742 8575 7698 7092 9809 6067 2383 8545 6522 4578 5007 8972 7170 1398 107 2456 5390 1948
20 8530 8758 9805 4920 8093 3420 3366 5803 7081 8562 1771 5986 2785 1717 3301 5129 308 9656 4479 7731
18 9720 9550 7256 4130 459 7493 5356 4106 9917 8074 668 1401 4737 4178 4257 7163 8363 2618
23 3795 9857 9427 8232 56 8138 1449 2803 7963 2117 7248 6503 7448 397 9192 1905 8165 6555 9587 9973 1126 1919 7476
22 8479 4399 759 9213 8091 4951 9188 9173 7585 6069 7686 2126 4353 4472 5992 1078 1853 5331 5236 9501 5401 8837
20 9982 7913 2425 2041 9710 6374 1494 5310 7361 5305 2595 6774 3437 7973 1616 1506 7959 6959 9700 9448
21 2090 1465 663 2369 3340 5606 7891 5602 8445 3970 5835 5907 2345 1668 2242 5114 2120 9266 8790 2133 4220
20 8834 5473 158 4878 9746 8711 7542 3285 3948 2506 2414 9425 1596 6351 5145 3488 8282 2880 3043 1410
20 6329 3030 3575 8376 1588 5957 5234 5453 8220 1193 4394 543 6897 5805 5852 9413 8579 5362 7881 5859
22 5947 2391 7900 8916 4179 3035 9383 7974 8426 3050 7732 4858 4117 4777 467 1672 6661 5707 1788 2872 1486 3229
22 2635 4789 4729 7531 5179 9311 637 903 1807 3396 9105 645 7466 9303 3186 1519 4001 3223 1765 804 1895 7904
22 6030 4323 3133 5548 8087 7198 8274 3915 5601 8037 4834 8801 8918 5243 8495 4505 5115 664 2827 3180 6999 6761
11 4740 2862 2390 2176 2403 9715 9088 5127 6045 2321 3860
19 4783 5585 9476 2688 86 8654 4905 1973 2309 4562 6714 6628 7550 5297 7694 2767 5150 5857 3279
20 6338 8102 5213 9544 720 6352 152 4593 8800 9623 2417 283 7646 3452 8287 36 1726 3687 9860 2627
20 8005 5592 7820 2590 3872 8961 8957 1874 8638 4055 279 5068 8889 8592 2638 8364 3787 4273 9990 3158
20 3573 4787 7281 9016 7045 4161 838 4814 8635 8527 7779 6339 2084 6860 3649 3934 899 8877 392 1064
24 1767 370 8802 1038 3436 4731 359 5204 123 2490 1897 4761 8110 9561 7931 2935 1591 8927 3590 8743 1096 441 5637 5597
17 3053 3578 9611 3843 4566 9247 103 3521 5984 577 9310 8818 6017 602 7391 796 5504
22 3862 2554 3460 1798 3037 9605 7961 5028 9267 3972 7847 4724 1539 3428 4632 7661 7168 4926 2879 4967 4210 8633
21 1293 1662 3346 2853 4908 6150 199 7190 9742 2885 1198 2713 7021 3832 9060 287 8405 2624 6788 3835 393
22 930 997 8980 3984 6779 2193 1651 150 4028 5291 6716 7366 8646 4251 803 8181 8643 2069 869 9660 9895 2202
23 3244 6757 1275 1828 5940 3538 2646 5867 965 6474 3215 5550 2248 936 4770 855 6267 1957 242 8757 2629 651 2509
14 9510 1135 72 953 8746 8084 3352 4719 6489 5846 1658 7869 6210 8120
20 757 9881 404 7313 3569 265 5681 2813 4897 1892 368 6061 1650 1405 721 747 8501 1301 1137 6417
23 8261 9328 9472 8474 1974 3126 2398 6574 6923 2387 8440 4807 2653 7693 4087 3595 4280 752 959 8355 1026 1878 2096
15 6704 3654 6488 8725 7976 1851 478 5936 8983 3192 8305 9486 3238 8613 5125
21 7865 3916 5277 9203 9059 7795 3003 3849 5282 8421 7282 3228 2402 2139 9400 1155 3303 9984 1129 3327 6241
23 9204 1196 3474 9637 4865 5869 9727 6011 3773 9575 4659 1746 3465 8017 4168 875 8778 1737 5450 844 559 1645 2773
20 4408 5113 5353 472 7955 8377 6383 3627 5332 6423 2644 250 2860 3937 7324 4083 5435 1488 3586 6191
22 1288 4670 7412 8146 5515 5308 2238 6685 7073 7768 8536 4017 4884 912 4368 2903 8417 167 6108 736 8623 5758
24 1019 4833 5942 9825 5735 6500 2273 3402 7166 7977 8327 212 9180 6672 5099 1871 8126 3630 4626 2796 1283 5178 8006 4900
22 3316 4466 7755 1632 5944 8776 1090 9487 982 775 659 1872 3039 7286 4076 1237 9367 7038 1490 3681 6335 2840
23 3851 1370 2674 4103 7566 7144 232 9603 7257 1261 9796 5017 6475 5366 9082 1308 8247 556 8931 1749 6005 8666 5412
22 2874 7824 5413 6854 7890 662 162 4013 874 6942 2060 5409 8266 15 8749 5349 5203 1153 1231 6281 898 2376
22 1653 8603 7935 4896 1404 4215 4304 7641 3092 5955 6023 1004 9015 434 2348 1124 5286 7358 8451 654 5505 1204
21 8710 9882 3241 6533 5972 6919 6944 4282 7224 1508 7477 7769 2229 5694 2197 4817 1413 1954 1014 6782 6840
22 9096 1136 8362 7111 9069 5629 8415 2146 1454 1142 5156 380 461 8193 5640 1933 334 9445 3359 5634 6482 5819
22 8577 2980 4186 2137 6097 4801 8607 4648 1843 7434 3194 5861 2264 4582 6176 4974 3662 1754 2127 1712 1983 3889
20 3931 7862 1527 3370 1686 3155 2187 1980 6713 1761 6608 4571 3355 3109 9339 1482 1619 2221 8517 6323
22 5128 4062 6394 4067 937 5276 8269 966 7335 1614 4207 4141 8652 6393 2534 8343 2739 3642 4427 8387 6249 5961
20 4031 3568 6334 2113 9090 5654 482 7690 2059 9263 3974 8026 3877 4093 7160 416 9772 7801 4759 5084
20 8531 9014 5253 3069 8049 9955 5939 1057 343 3353 7896 6879 1068 1361 1540 9145 9773 443 6559 2609
23 7063 9517 1254 3963 4902 9111 6490 3511 9318 2074 9681 3904 5105 9333 7403 9423 4961 4680 2088 8270 291 8526 7368
20 1312 9401 9783 6857 27 9201 171 8566 4686 3721 458 4019 2319 4997 8583 569 9713 3898 1115 8808
13 6196 8981 7405 3321 2950 4631 642 7396 1829 7204 2786 644 7039
22 848 8628 9551 3182 5726 4861 9643 8089 7055 3777 6288 601 9065 5400 9822 6312 1604 220 9230 6530 3864 7157
22 7818 1834 4037 1483 429 5672 6651 3514 2598 1103 825 4029 5088 2270 1393 1383 3413 471 9119 9843 4956 7623
22 678 2821 9432 4203 5800 3423 5079 786 9811 1363 4088 4481 4872 3394 8516 3796 9699 5190 5257 6014 7518 7182
20 1896 8301 2846 3331 8696 7950 6439 705 7347 4912 1901 139 7360 8660 4797 1549 5839 4295 398 54
21 3401 993 1972 8763 9992 3251 8225 1202 6053 3114 1281 2525 4654 4009 7853 2685 4254 915 6250 8082 8411
25 3894 6366 4185 4553 5421 4305 1134 149 3144 616 4446 8396 1252 6078 9151 3811 2042 1073 6324 4748 1298 153 9542 4672 3134
12 8236 4444 4014 2418 3087 1336 6890 8669 5269 3172 1938 8558
20 5966 7981 3335 9150 5271 1510 1870 4627 765 3362 2837 5849 3379 2239 3096 1793 7938 1287 4490 1060
19 7750 8942 514 4669 2906 3032 2274 9753 499 7148 6205 8252 703 9893 2349 5051 8482 811 9227
23 396 5399 2746 8993 4343 2268 4509 4222 9352 5081 2495 7668 4344 4895 1541 918 2311 339 495 5327 9998 4768 73
18 8499 9226 8372 7538 9212 6299 1452 3033 3589 1373 7804 7470 1127 2764 2114 6715 3631 1150
22 8521 6939 9950 2704 5795 4642 7402 260 5318 6100 1970 354 8827 9362 3404 5577 2027 7247 5644 3280 6611 7467
20 6115 7119 3596 6558 1869 9705 1245 6422 5452 2622 575 1953 7099 6637 2471 8124 111 7183 3928 7813
22 3336 6001 3950 1179 6052 6415 1165 1265 5367 457 4409 9394 3754 6571 1982 2350 574 2002 4551 5316 2144 2822
20 6296 4687 4583 1635 9543 3544 2997 2076 3930 2468 9110 7353 9181 6666 4480 5423 3762 5058 675 4563
24 5195 4313 4676 6436 557 1469 7272 3726 4422 3368 8747 8937 7066 987 5314 7790 1606 3526 5590 4715 850 8249 78 7053
14 485 7910 9121 8002 6486 6671 407 7486 7803 7696 5077 3107 2628 5817
19 5566 3458 6861 3139 7712 7108 1417 7724 3967 9498 2990 1163 3164 9041 1552 4226 6461 6433 7937
20 6395 6833 6508 4598 1043 8398 3876 8208 4909 8706 239 1208 2943 9591 2226 4402 5469 1095 9123 1931
19 6546 4039 7238 7949 4460 2297 6138 4190 6776 735 9122 9125 1242 6401 2219 1191 1141 7527 4268
12 9195 1270 8924 7227 6105 6872 1234 1091 6700 1084 818 9916
14 9086 6440 4893 7716 6829 2687 4187 2367 1517 3095 7359 8043 5547 4987
22 7447 6992 7549 2272 1711 3668 2123 1995 5668 1693 1311 1476 6921 3377 1566 7590 3822 5745 2353 3273 7051 6032
20 391 5594 701 6635 1113 3947 3966 3493 3513 4163 2989 4988 5002 1477 3711 6673 4728 2200 5682 8740
21 521 2046 1822 6876 3522 2276 6236 1625 5516 4656 9127 6359 1934 2116 1444 9437 5078 9891 6991 4570 5977
20 4023 7318 3005 2899 2230 2440 7922 1232 9900 8664 4104 8177 2721 2102 3497 5797 4463 5596 5937 8641
22 842 6458 6504 3328 3652 4038 1988 3994 4960 6200 4615 4256 2184 7823 4388 1622 2517 5918 2716 2763 8097 9398
22 4806 9905 3582 7128 3274 2956 214 8543 4635 5686 5375 8694 9268 3845 7626 5357 3481 4182 1390 9057 4971 4812
22 109 419 3348 9036 2169 8634 1387 7030 4383 9011 5054 4595 4328 6883 2580 7328 6557 2744 5024 8162 5293 8441
22 523 9414 4816 9009 2 9007 4999 7306 5395 6547 753 629 8945 9441 4443 2299 3004 5414 3015 1362 756 6717
19 6579 2352 3576 7424 6912 7822 711 281 6970 9704 94 4946 8117 4609 99 8572 1576 3892 3021
22 5996 6703 3421 9388 4526 8589 3518 3430 4202 5107 6346 3981 5878 800 8476 8221 4239 8053 1868 5118 3571 7878
21 2424 4248 5309 6806 6837 8371 2365 6599 6968 1564 4938 1487 1710 65 7046 1770 5993 2258 7954 7563 3911
11 6556 6317 3212 8960 8227 2188 3383 4732 9616 6586 5848
21 2699 1425 9408 5921 7 7611 62 309 9495 1986 2323 115 2948 6203 7807 8842 8944 4298 2877 3853 4401
22 9320 5449 9983 791 758 8066 8123 1505 5517 1240 9819 4371 4623 5247 4647 6802 1975 2131 7290 5737 188 962
22 1402 1994 8461 7133 3509 6507 4955 3744 2733 5321 4349 5816 3759 2156 7918 5625 1187 3927 8032 450 5736 4054
23 3724 4518 9332 8131 5163 406 7118 5242 4504 4124 4836 2969 7866 6983 5904 2485 3563 1241 1296 8657 3304 4678 4599
21 7845 1123 3958 6347 2190 8645 9022 9503 640 2207 5045 6218 612 1741 9194 2672 9535 9814 16 9849 4799
23 527 2817 5076 5175 8567 1255 7966 2339 6004 839 2333 161 843 5708 5104 1690 1836 7607 5761 6157 4162 4510 702
19 4044 3770 4515 6794 8021 6265 9712 4792 3258 6181 9250 6429 451 8714 5252 436 5659 2864 5571
21 8524 8789 5488 479 4889 2479 2058 8939 6155 9353 9410 1859 8051 5154 9867 9762 2666 1927 8275 6481 1744
23 1207 1692 591 3781 4457 8255 540 6781 790 7571 6734 638 8410 3502 7762 6677 6134 9299 7047 6578 5229 4548 1341
20 3196 4180 7199 8582 3010 7112 3138 3475 9345 7135 8316 8976 4464 4262 2918 2182 6421 5616 7011 8414
21 2252 9655 6492 6590 7838 4800 263 7814 8452 8207 2982 3102 6161 1448 5420 9688 3764 7992 9745 7165 6935
22 7738 4958 8941 5468 5328 4487 8144 2159 7314 9625 7364 106 9896 6406 9163 8314 6230 1380 5416 7589 2608 7393
21 7855 3878 8928 5165 7237 151 4110 5111 2742 1655 7882 2477 5670 9671 2186 7201 6232 1694 3792 1976 5010
22 4484 5209 6609 5854 7886 3152 7213 6568 3545 5046 8977 1260 8529 9964 2234 1715 1786 6276 8598 6891 3441 6795
23 9005 1133 4843 9265 7939 6079 2073 5275 9932 3639 9169 5307 4503 1787 9358 2148 4754 2572 6945 7736 7233 685 7036
22 4841 53 8985 5009 1750 9308 9309 7319 57 9118 1189 6331 777 7077 970 6376 1990 3485 3074 6617 257 1935
22 6026 7776 2824 5552 6007 9808 7537 1607 1161 4334 7774 3833 5913 2415 6696 5733 1025 8322 1446 1795 770 6371
22 5642 4050 6723 7083 5901 597 2026 5541 3783 986 4605 2648 3846 5139 3567 8286 75 4766 6435 652 2795 9770
15 8644 8109 221 7389 8442 6777 1718 626 8967 9443 8352 6664 6266 2623 1006
20 7301 545 7339 1470 8912 6126 3977 3078 2198 3119 2320 2048 6866 9148 8498 5546 5671 5836 4339 994
21 4795 3287 4543 5061 1039 7995 3672 5721 4658 7096 9516 1531 9139 6459 1351 3344 3953 3766 1969 1156 8331
22 2210 8166 3391 3628 3002 9063 9348 4197 9568 3334 2686 8300 8058 8551 889 9395 3704 4367 8483 1536 1074 9765
25 2563 2325 4849 4681 4434 9690 4391 6144 8183 7539 8735 7905 4080 2382 9576 3429 2439 3613 10 1707 4148 8805 2091 488 2337
22 3369 4522 2170 5244 6750 4662 276 8443 7568 3066 3199 1239 40 929 6447 6977 5186 9389 5946 312 3718 5471
22 8560 7116 2386 4382 136 8814 971 5251 2523 4826 4914 2652 9731 5386 8693 9447 9991 6929 4142 9307 6355 8113
21 403 9327 4247 1403 963 3262 1689 9255 2663 1762 5899 1639 7004 9384 7786 8852 7027 3941 6037 6631 5531
21 2804 2267 7819 8178 142 6091 913 8792 846 6119 2543 6386 5804 5313 2254 8172 2001 1877 5345 8522 8374
22 1810 7893 7471 3418 975 8744 8926 2408 8447 1518 7386 9458 3750 9337 3551 6847 7979 4108 8206 4230 9787 6291
20 4684 5818 6998 5456 4045 9942 526 1774 2700 4780 4927 5562 8616 9835 2081 2692 3914 7863 1573 2964
22 1101 4703 3857 9902 4903 7685 7582 3961 5315 4287 4154 8653 9645 9553 8755 2087 5754 2378 3730 4333 6019 9756
21 7572 8804 9344 5398 4216 8627 9920 6413 3615 1169 5967 8760 7132 7106 2093 4386 7625 5831 5599 5889 7842
22 2600 144 4129 1450 131 4970 8872 8502 7852 209 7867 9068 1942 1368 5005 3447 6938 4166 226 4240 7436 1705
24 3622 2521 1840 3956 6997 8060 7617 6730 2914 5029 7772 5920 5674 6832 8072 4060 5925 6131 2676 6178 2726 3001 1772 2487
24 3415 4813 1145 7495 5543 9590 6057 909 4445 1696 1226 9109 4639 7697 7381 1307 6020 1262 4351 2514 4612 1925 4212 9714
15 1631 491 1266 2766 6920 1279 7155 1192 3484 5319 1728 1172 3727 8211 8054
22 1489 8168 154 1501 501 5301 2533 2426 9890 1627 595 4397 484 8540 2443 7675 5363 5126 5703 6545 2637 1225
13 2065 4296 7564 3357 793 7325 4707 4303 8683 9719 7300 7123 1951
20 956 4109 8511 6524 5858 5049 2518 241 9466 6094 5041 6542 8863 7258 8497 5096 9775 5446 1418 9336
24 3646 6905 6797 6195 5438 3556 8044 5600 1340 186 5586 5667 6409 4940 5279 9324 3079 8729 8987 1071 1759 7023 4261 9726
21 4634 2775 4026 9391 4474 8400 3610 3104 5712 1215 3785 8288 4453 8590 3234 2553 7304 1112 6148 1479 2100
23 9931 697 4253 1441 5613 1714 2560 3674 4360 2701 5377 9751 7941 8864 5786 5167 9801 5496 6790 6962 5506 1623 6465
22 9646 4803 6050 8076 6598 500 3495 9416 1996 7653 1959 9457 8687 5630 4747 9278 6318 1535 7426 9170 4442 7242
19 7422 2659 3664 6754 8386 5337 9390 1620 1856 4943 7355 1857 7371 2542 3226 7054 2145 7565 3588
21 3115 8597 4293 6400 9850 3803 6103 8774 498 330 4664 1937 402 8650 1310 9665 6949 8011 8893 3390 9639
21 3446 1850 9074 9164 968 1841 9141 7207 6669 5756 4403 7187 2835 9879 9930 5339 6506 4983 2703 6768 9829
21 8850 135 3561 2179 5131 8604 4002 2062 4827 5924 7379 2107 8741 1753 5217 6180 1760 5544 5159 6819 7989
19 8684 3077 4374 7076 3257 5500 9657 475 2745 5792 8952 3661 8601 6525 1162 5467 3942 2814 1139
24 2245 2988 4534 4674 5526 6858 4694 8855 236 650 9326 3882 2216 2852 6121 4221 2596 3813 904 6688 9379 470 2342 5895
21 8324 4348 5923 5448 6799 7091 315 1221 6615 2217 74 5998 3847 4430 8436 4975 4183 7416 9764 5900 828
23 4916 5407 3110 3153 6707 4102 6528 1099 7158 7660 2690 146 1436 4114 2332 7009 9594 116 4073 3598 2204 2136 579
21 38 5806 1386 5814 63 4874 8733 7780 8892 1628 9037 3482 6106 2078 5482 2215 3998 4284 5117 5563 4846
23 6987 5713 779 2671 917 5938 9887 667 6122 9918 7373 9130 2867 1166 1424 3686 9039 3935 8475 2302 7031 2592 8885
19 7594 5948 4350 5180 5951 8101 9260 9106 4467 5073 1743 9725 7299 8966 5775 4132 3971 9494 2544
21 3299 64 5289 6943 1220 7197 2606 9870 9126 983 8803 9949 9054 9987 6625 634 1775 9465 7718 7241 4716
21 2189 7178 4264 5798 8826 5523 8210 8022 1697 9314 4713 4449 6864 9716 5870 8651 3206 5787 6627 9827 9211
23 7616 8196 827 8171 725 8467 4879 6171 1617 3302 6453 4404 8353 1098 8662 7288 42 3448 9583 4169 9697 4820 148
21 169 60 3275 7236 4545 4195 7231 6289 4255 7710 7162 3099 1791 9593 7743 7095 6577 5432 2908 3591 5840
21 4665 4535 1419 5119 3886 6570 8067 3983 900 3354 2783 9159 542 6064 9366 7591 4116 1987 5893 8365 836
20 8925 8639 8185 358 2228 2810 192 431 4352 6641 3574 3406 2522 9342 7841 4743 6941 5718 327 8618
22 9075 9602 8865 6640 7545 4919 7827 9272 9312 9030 607 1700 4302 1756 8903 7584 5930 3558 4447 322 2310 4286
12 3933 2108 841 960 4933 4804 1157 9459 5162 3987 8612 9404
22 2067 2909 1989 4531 4805 5741 7348 1534 8350 2138 8448 267 7425 8160 1688 9939 3599 5618 1258 2995 3046 926
23 1984 4316 4064 1898 4206 9938 7002 7517 449 7067 9869 6526 4089 6727 4701 4906 3013 2466 973 2849 7478 538 8156
20 3517 8392 7602 3585 2958 8874 2640 9254 8677 1002 3463 5651 261 6709 1249 7225 9689 2730 3965 8870
23 9799 7159 9969 5702 6162 7161 9816 9837 7049 9873 4720 6729 2011 8014 6775 7560 9946 2354 2381 4668 6936 5098 3737
19 1345 7681 927 1197 9035 9546 104 7346 683 537 1502 2971 6918 6330 5560 783 2423 9396 3723
23 1532 5060 9196 6926 618 9234 496 9490 6008 2010 9744 3949 8500 6235 3625 8141 3018 5823 1732 6224 9147 5470 464
22 4440 366 5112 3716 9522 5558 8899 7708 8234 284 4990 8263 6925 5417 9239 185 1457 4030 7919 9668 4252 3959
22 4619 228 4327 5641 4462 6532 9781 5270 1687 5295 6402 7309 355 714 2017 7388 9050 4671 5185 134 8888 2251
21 3479 2318 2513 9200 9759 864 6202 9620 823 9070 509 4856 5472 7734 1618 2826 9206 2886 6051 7235 9739
21 9774 1012 6712 8025 2044 5673 3780 4574 110 4815 6141 1181 9089 8307 9780 6314 5945 1915 6899 9507 1213
20 3382 4866 7723 4018 529 244 7210 6875 3191 6261 9357 3466 518 9828 8844 571 1334 6955 7968 1923
22 9343 8533 4021 3047 728 5302 6800 4778 481 9002 8379 3524 4767 7701 8299 4461 1214 919 2820 269 1347 6687
19 8484 6629 740 9496 7177 7018 8446 4211 873 4459 1463 6027 4514 3089 4589 9703 9749 8008 9915
20 6893 4867 4644 2077 4300 1684 1523 8901 1876 274 2632 2965 570 1574 466 2014 7676 2656 8453 7252
22 6552 9224 8896 2960 2294 3217 3065 534 7834 3603 5917 8094 7048 6201 5016 8584 3506 2968 6065 5284 7978 9878
23 6828 1630 4271 3995 349 4276 2030 7185 3386 4524 6536 2167 8272 2025 1396 9275 7622 9582 2057 5378 5431 1462 8923
22 2833 2829 6871 9420 1247 4633 5177 5065 7748 9636 6886 6805 6268 3597 2244 5019 3525 6284 3700 1049 7295 1579
11 7473 1971 8544 771 7370 7948 9 5591 9577 6084 12
23 1903 646 781 68 2601 7441 7269 3913 6308 1578 681 6420 9341 5405 3271 9460 4322 9945 3419 8752 1802 5949 26
19 3093 8112 3040 8707 666 2515 2260 1117 4550 3443 8068 4831 954 9099 299 8797 7409 778 2597
21 3871 3070 452 1598 6811 9545 7837 3801 6410 164 1369 5193 4628 4964 201 6464 9236 3407 8503 7742 3014
23 2719 621 980 2149 4682 5191 7120 6770 7350 1608 9845 9512 7134 1299 9508 7100 9431 5633 3820 6303 9653 4808 8891
15 4596 6934 6971 5266 1719 3358 4501 1740 731 2080 5832 1698 6933 906 6434
18 8012 9953 9032 231 3147 5915 2023 9368 2532 1011 8347 1434 2005 7087 7395 1147 8106 6063
22 6457 6390 9107 8075 6364 9243 8268 2604 59 5408 7765 8464 8665 1779 8721 8933 487 6142 5549 3980 3728 8622
21 245 617 5292 2400 9536 1222 2109 2458 6370 5540 5829 7479 847 6722 1499 5793 6554 79 6535 7917 6229
20 4277 2314 1072 8169 5538 6740 950 8030 2275 4871 9592 866 2834 2655 3183 9502 7427 4785 4049 4622
21 9936 1497 9115 8455 1644 9237 3064 8073 9524 1845 1453 5995 4426 3052 4529 1036 9178 4556 6958 3431 6603
22 5720 7232 9114 2322 1681 9635 3339 6167 170 6193 941 933 8785 7503 6848 3154 6117 8753 5912 9978 7337 8508
21 2363 660 8833 4319 3815 3000 902 1908 2036 8523 6081 352 5872 8969 2728 5772 2083 2550 6093 3690 7789
20 6166 3693 4546 3160 6752 9485 8085 7209 4356 3859 7266 7529 333 1451 9415 5207 4324 8463 465 6870
20 1278 2662 5490 2625 3311 8370 6498 8191 4278 9729 4690 5004 3016 5789 5759 8756 5121 7297 6242 763
22 4160 6909 1567 7254 6796 8794 9292 8470 4521 8902 3632 4645 9284 4675 4985 7725 2111 564 1991 7121 1894 762
19 463 3141 3683 3332 6745 4587 826 4784 3450 6234 7860 7137 2871 9066 3240 4508 2211 2312 9970
23 8136 5927 3734 8096 901 197 2317 22 5093 5522 8045 533 1777 6172 9624 9056 7351 5827 8108 1766 8836 2894 722
20 9589 480 729 1120 4512 789 4733 6101 6336 1309 1461 90 8015 3412 5038 4288 5833 7219 9024 3533
19 5256 8984 7505 7604 8781 8361 8216 682 1778 2231 1932 8930 6549 573 7664 3349 3665 7586 2163
16 896 7221 868 7873 8965 9132 1328 130 4993 3725 5905 5239 4760 4918 5280 7825
22 6496 5249 9149 7407 9871 4739 7151 562 270 5605 8588 3022 376 353 7793 2344 8954 1811 9534 45 9580 6384
24 7925 1796 9618 8250 3373 1881 2616 6494 1589 7603 3100 6220 849 348 8953 9908 5097 528 7461 5396 5298 822 5322 1699
22 8145 6469 6693 6341 897 8488 7526 8539 2255 468 2881 5650 8806 5632 235 694 6736 6787 4272 6895 4364 4140
21 5999 3626 7131 9776 1188 5476 2103 9185 6239 6922 2119 120 808 5143 7999 6812 6408 1594 1377 9721 9599
22 5259 8648 8462 121 145 5110 8717 7060 2253 8224 9815 7665 8214 6683 4899 173 3076 6759 6028 6773 6035 8304
20 8439 3203 3875 1194 6029 9450 832 8116 3247 6885 8988 4549 6803 7674 3318 4095 7597 7413 9097 764
22 1158 5183 7384 5958 7573 7578 8318 3128 5841 1524 4705 3051 425 8229 7651 361 7942 5612 7390 2612 6405 7069
21 9371 7839 5568 3520 4978 4081 2328 3150 3510 511 5433 2675 1466 8460 5052 9958 6531 8663 205 6112 8862
24 8338 20 1032 3841 6982 7702 1823 335 9142 4047 5685 7000 1365 6657 9031 9103 3235 8922 1769 1058 2811 8619 4751 3492
12 7805 2784 4986 124 5991 3897 8775 5418 4660 2259 5588 9525
22 5569 3786 2452 3823 2158 6763 7543 1826 6816 2782 6523 4326 4441 6953 9630 2447 829 9040 5146 3031 6994 3611
12 806 6163 2770 5874 9876 925 9430 2055 3202 8222 6295 3218
20 4519 6743 2963 5187 7907 1184 8848 3910 4020 6927 7456 1752 1981 2978 305 3171 1556 4061 2940 9960
17 4259 2892 3623 3708 4085 3924 9073 1924 5722 4517 8732 4283 2643 9797 8541 8098 8069
12 6996 8630 9217 7169 858 5784 5026 2736 6632 8174 6073 1801
21 8428 9429 2130 1592 3309 1116 733 9778 1548 1177 7494 5579 9264 3174 3856 8161 9791 4757 9493 6154 9567
26 9717 7418 7442 1152 9446 7652 2617 7745 1031 3880 4864 6088 3017 9464 6380 1364 2052 6898 4947 4092 7130 5648 8678 323 6214 2902
20 8594 1978 8557 7846 7372 2261 3663 4607 4213 7764 4821 8291 6396 9674 7897 1268 9439 5845 8078 8468
22 739 9334 8219 2045 587 6310 5765 5863 6254 1070 8254 8614 7010 5933 8492 3714 2991 505 101 6594 8218 5176
20 3286 8520 1372 2143 5636 4875 6034 704 6698 5709 7502 5032 9079 5696 7851 3350 6621 2961 1962 2326
21 2658 5323 3799 7480 8125 6844 237 8140 2642 7226 5751 674 2769 8264 4165 340 9904 4416 8391 4614 9058
16 8046 3761 3854 5037 6505 5273 9928 2039 2562 522 5983 7469 1148 1467 5225 9573
20 8649 3606 3772 4451 5149 6888 8104 7430 2999 7203 4944 1264 1236 7273 96 1661 2194 944 8260 3771
22 6328 9937 4881 7914 3105 6025 112 2218 7821 428 656 6313 8782 3044 2850 8246 9422 6432 5493 191 1654 2032
21 6271 9144 3670 8712 4297 7302 4581 9571 442 448 127 7629 9167 887 7875 9455 2929 2830 9129 9004 2815
21 1491 9604 1348 7026 9981 6623 2157 2199 3779 4003 5495 6098 8444 3593 4963 727 6624 1059 4134 8971 535
20 560 2938 8920 1902 6082 5843 9354 1421 4957 9761 4477 4236 9779 6006 3342 8388 2249 7343 2329 6300
24 6345 5013 2224 2607 6906 8515 9526 635 1581 9532 7279 435 6512 3735 3547 9225 8258 9053 7800 6823 3143 9338 7744 1615
22 357 3814 2185 5442 6194 2878 7336 3130 5434 493 7446 5724 7729 163 1946 4232 2500 6626 9961 9124 1435 9146
21 4155 6358 4847 9995 7593 3224 6756 8868 5428 7933 2467 6451 6728 5943 2257 2475 3464 1495 9977 6010 4931
21 6705 3378 2588 3806 3080 3306 9996 5425 2577 6648 3531 7794 2034 356 9957 8875 1520 1028 8295 911 2819
21 671 5620 2614 5283 399 7089 6735 6984 3775 3675 7843 3925 3902 8829 5542 861 7833 176 5485 5676 8838
21 4890 44 7326 9426 7321 5246 295 6975 4084 9064 8595 2374 4651 1649 363 8466 593 4995 3063 1764 3503
20 840 8163 3834 3097 7349 9463 6003 2651 1443 2972 7149 2854 3237 2097 2101 1708 9676 1195 424 6342
21 8591 7323 6497 5956 4922 9215 2667 8655 3009 1107 4666 6537 254 3782 3356 28 7945 3034 2050 9831 5232
20 1125 4452 5757 3923 8290 7085 8187 9242 1985 7770 5133 8750 9683 344 5873 4199 7052 6151 5714 7700
20 119 7541 9171 5766 8308 5237 7927 1904 6357 5100 8407 9006 1629 1388 1274 4616 7606 9198 7459 3478
20 8036 7481 8569 6655 5477 3758 730 5352 7840 8542 9219 4692 1235 9572 1174 8180 7310 5494 8057 4538
17 9261 2307 4597 7138 5274 225 3608 1458 8779 2085 9285 4229 3048 7717 8 4641 5723
20 3295 6842 2235 3314 4917 5879 5534 1366 5388 6208 2209 9912 2373 4845 9293 5035 7980 4998 8083 3322
20 3908 4478 9951 508 623 9864 1250 1062 3946 6253 3267 1832 676 6510 1089 5740 4928 6979 3719 3259
22 4393 4870 6182 4376 1547 2341 1999 4338 5954 2731 6989 6344 4406 7615 3455 2236 673 1484 5773 259 3256 5020
23 3201 3658 7715 9842 6111 7098 9971 6083 9802 2147 1634 5628 5031 6751 5092 8532 6054 5258 2792 6720 5489 5373 3688
23 8674 1063 2434 9300 4458 2891 1669 1122 7766 3712 5525 6016 9042 252 4937 1914 3738 34 9435 7291 4468 1280 1663
20 1557 5565 2900 2789 7223 8223 6884 5090 3036 3818 5116 5959 8705 7798 3955 2801 6892 9154 9220 750
24 7598 7022 8378 2028 821 6585 4653 8321 3416 1082 4791 6473 4024 4119 3790 9790 6038 3300 8233 8248 6516 5820 9664 7450
21 5974 3873 6290 5368 5411 6479 6877 3426 1913 9858 4989 9433 2535 4710 8528 7828 3248 9010 7057 298 3081
21 9786 851 3195 5519 9994 9370 4105 8978 7255 3220 8615 8510 9221 3449 3142 3523 3019 8658 7756 3023 2922
22 520 5822 1958 6437 857 8692 8143 1929 6332 4118 6125 1977 990 4159 8345 6824 5132 8354 4176 7892 6576 1542
22 5205 8267 1530 2446 8491 6219 2068 6033 5607 7303 1267 2937 4063 4244 8007 3487 2587 418 5897 8281 5834 5652
19 8637 6179 632 6273 6209 2650 8360 132 6986 5989 364 7378 3131 9875 9340 8861 8429 5666 7093
22 3842 7369 6878 1952 9560 9168 2420 2974 6765 4245 8190 3146 9157 5364 7871 1839 1243 1526 7667 2192 6046 6817
15 6592 6956 7105 9133 1509 2449 7575 8911 9417 3581 2734 5647 5555 4723 3812
23 6789 2395 9766 7449 809 2665 6675 7639 1445 6853 8256 332 2551 6460 9038 3592 9661 5530 4362 7488 8095 6769 8201
