29 7418 1769 6227 9498 5771 4773 6699 3264 1597 1448 6556 3443 9955 1917 1167 841 7629 5091 6391 7996 4430 7 8636 5120 7141 1470 6906 9603 8542
29 8033 719 4065 7006 6931 3701 9755 540 3150 3696 1442 9825 3479 5446 5639 4190 4264 5687 7257 3286 6460 8126 3561 3977 7943 5491 9900 4155 4859
29 306 9340 9814 2607 9791 9747 9940 8438 1505 2013 8766 4530 7691 3644 2410 5878 1120 7876 7503 1395 2946 4376 9233 9208 226 8135 668 47 9108
29 333 2851 8315 1415 9820 1285 8566 9606 6284 931 7436 5901 1689 4387 6919 5168 468 4095 4201 4374 359 7056 7740 7623 1458 6670 1018 4020 4820
29 6599 8141 6002 5926 5413 9966 6767 6930 2878 6337 5152 3952 2387 2580 5892 5283 9264 731 4002 1469 4610 8203 6714 6528 2514 1268 5559 7129 9482
29 9145 7914 3562 1130 5503 9756 874 6961 8540 1776 653 7408 8050 196 3956 478 5911 1002 7025 2530 2686 8688 4332 3444 1137 3958 9064 3424 3157
29 9832 1141 8607 27 4754 6151 1909 9019 4607 6995 4587 5867 308 9975 1149 4025 7597 6037 2629 4533 5289 9222 3812 8015 1853 604 6539 8497 7094
29 2603 9159 9872 8121 620 7798 939 345 6358 7383 107 2709 7915 6191 239 8779 7658 7983 1054 8712 3599 5737 5515 264 6220 4109 5931 7570 1341
29 2446 4523 9282 1595 3878 1805 3316 2573 4400 4126 9590 4495 6221 3871 6419 3430 8974 2437 2802 5717 5852 9564 7339 2190 2575 992 5644 5640 7223
29 3660 7138 9155 7606 6879 8073 1779 5349 676 6444 5726 8991 7910 6752 8256 530 689 893 3364 7672 3982 9300 3923 2645 965 169 3102 7750 9550
29 6885 3145 8644 8948 328 5886 1014 4957 4529 5680 9708 8594 1996 9571 5709 9677 4083 3011 3138 1962 9705 370 4846 8635 8748 9859 8405 4643 9026
29 9822 2805 2636 2847 314 528 5237 2971 422 8615 9097 4076 6616 4566 4465 2233 1519 5490 8215 6590 4284 5905 4749 8142 4226 700 1887 7676 699
29 5260 6808 2163 5535 1060 7402 2916 3268 3992 571 4181 7842 5435 9235 380 7202 5975 7670 4064 6354 5249 8956 7150 1046 1142 7053 2757 3688 7490
29 9738 327 2265 9910 741 1131 7957 3729 7154 8325 7423 435 6949 5748 4861 6075 798 2032 9036 6192 9741 757 8169 4625 2143 5389 8087 2362 6673
29 6096 4804 6891 7639 7235 8952 487 2963 6102 1390 5654 4553 8559 5969 3107 9367 857 8337 6107 6612 8034 783 6626 2985 1523 1529 7050 9920 6435
29 7318 2584 3123 4662 5149 8977 9699 1835 5116 4152 9462 2359 2770 8365 5163 2064 1098 6364 3546 6224 8106 3635 7701 673 1249 5577 4207 6768 942
29 2223 1999 2417 159 5049 910 2524 8282 2535 5416 6966 792 8913 5699 6385 9305 3441 3414 7400 1527 3857 3232 325 8379 9774 7067 1508 1812 9643
29 3039 3831 9284 7501 5109 9707 2489 8239 7416 4488 6632 9842 8454 8536 5606 4267 2865 8739 7432 7861 6789 7726 4479 6981 4767 7550 711 7634 7364
29 6440 9191 2295 5650 7671 6417 70 5126 6115 4733 8114 1895 9854 8165 1163 4600 1270 246 1684 2518 6684 7589 6644 7164 4711 3021 1729 2047 282
29 7136 3902 8502 9718 9725 7465 5509 6114 3010 4364 2534 3771 5700 710 406 6188 2602 5338 4022 7431 3965 7385 2189 8664 5842 9558 7999 9723 1718
29 9351 8090 625 9288 5595 810 4318 9592 291 3898 238 8957 2868 6286 4524 3724 111 6412 7284 1045 4515 1912 3246 694 8029 8295 4894 6324 6526
29 6056 681 1764 9887 1012 4994 6754 7020 2253 4716 9963 3346 8963 6339 3584 7039 454 4360 8043 3614 251 3649 7165 8195 6081 8312 6074 483 8409
29 5455 962 7760 4796 7395 7173 2715 8547 5910 5724 9678 6027 8834 1904 6218 5159 4306 8689 5311 4019 8755 2026 307 8149 1409 5271 6952 4012 4222
29 2635 9321 6638 9031 9166 8286 7458 7699 9123 9428 2873 1042 1854 4472 5772 4193 4031 7190 2867 7195 2116 7139 3577 8807 8524 7350 3870 9674 6957
29 8544 9696 4501 8568 4766 256 1205 69 4442 4156 8046 4278 6658 120 7231 4835 5296 1041 2308 3849 9923 4884 4899 4731 2936 4461 7601 9025 1454
29 1434 5919 5524 4447 7932 9635 1139 9408 2578 1241 5797 4096 2838 7441 6831 8422 4145 8280 8945 8348 3706 3521 985 6071 7207 3074 4907 4569 3790
29 6130 4960 4107 3665 7448 7694 7219 7351 1197 3845 6211 6566 690 3439 8460 8274 204 6690 2078 4223 6976 2998 1701 6943 1513 4934 4301 889 8879
29 2150 9180 1817 5097 3503 4481 7636 9559 7543 9974 7773 62 6946 5847 2119 2889 5638 8071 414 4299 166 2172 4035 4499 7770 4536 7972 7366 4013
29 2849 2672 3075 1846 7984 4507 3618 3867 1700 6922 504 3847 91 5784 8581 6163 7745 1692 1749 4101 310 8065 8482 2632 337 9595 7196 2216 4453
29 9581 4322 4049 4922 8386 1113 1860 5461 7867 2144 6322 81 4703 7379 36 9451 4229 7709 1226 7753 1402 9941 8631 3061 8837 6934 5402 6110 3655
29 7320 102 993 9688 2793 3899 9251 659 8273 1239 9874 7637 4221 8478 9495 7916 1883 3229 7131 3407 4344 5569 249 1974 9124 6338 4886 8782 5361
29 2098 5062 2452 9157 4701 7014 4458 6234 4926 2201 8966 1677 5079 6309 8001 8322 5843 7135 3078 5420 9871 3217 3884 836 845 6905 5363 8030 6774
29 2822 3440 7995 8207 8434 1751 4937 9224 7976 5020 6844 8257 8569 3281 2158 437 6296 6256 2030 8736 636 8665 855 8098 8895 3973 7595 79 692
29 1179 6042 2165 2582 3859 7733 5550 727 9390 8783 8293 7818 3528 9153 4290 1351 8826 6171 6536 390 8802 8685 9388 2516 6175 7004 3053 6478 4173
29 9058 7584 7313 1125 5583 6890 7120 2384 1250 593 706 4309 8958 7896 5512 4938 9737 9376 6225 9857 1389 9047 3319 3345 8465 9840 7582 7963 8845
29 5588 6424 7735 9248 1685 5036 399 3048 4131 2138 1414 1284 4685 4681 6206 2203 1173 1334 6442 5788 126 9401 9779 2466 3994 9697 2662 8757 2453
29 6340 8099 5703 5336 2241 7611 9459 9052 6275 6718 289 5714 941 2745 1194 9994 230 3398 7816 4443 4914 115 7001 5040 4434 9468 3714 8474 7938
29 4114 5552 2156 8183 3693 2000 40 8829 5826 9115 6912 1055 456 4377 9310 2525 1081 4272 4431 3606 258 3554 638 2487 2508 8629 5880 2099 9597
29 6613 13 5645 596 1734 3575 3385 3322 7151 5448 1969 7406 4673 1151 1174 9343 7931 3886 3148 9782 8618 8830 1391 2661 1201 3542 5657 5928 2523
29 187 8598 6669 3235 7793 68 5129 9130 6790 8237 4677 7022 8494 3326 4786 7240 9327 8869 5667 1830 7215 2627 1482 4371 181 3615 9170 9353 4663
29 8854 746 4830 3181 8710 3383 3149 2037 3331 5713 2912 9537 630 8673 6874 5862 3865 6666 7522 9029 7554 1126 2589 9046 568 669 2034 2292 3946
29 7851 8057 2830 2864 9942 2649 7752 6925 1554 721 6794 740 3163 6675 8452 5838 5707 1673 2423 9003 6353 1655 6624 4484 4369 6431 4482 6465 6490
29 2734 9049 1938 8364 2332 8026 1590 968 9836 9520 1923 4942 1592 8532 6854 3715 2132 3508 753 1630 140 609 5817 1188 4943 3525 6432 2484 2022
29 3183 1717 929 8504 3361 8134 2263 1926 9382 9640 4817 8711 9989 2774 6538 9808 1427 3835 7776 822 2020 2080 6701 729 6772 7924 1606 9525 8900
29 7833 7901 5325 3247 5492 4808 479 6889 1152 6681 1430 4627 7061 6112 3647 6535 358 8376 1290 3146 8350 4179 8332 4590 4606 5507 5649 5021 8096
29 2772 45 9194 7704 6245 8592 5462 2252 7742 4200 7715 4183 5125 9183 3480 1767 3785 3565 8067 7068 5770 1297 4596 8132 6974 9631 9201 7403 797
29 2440 1587 9211 6152 1956 7011 6655 8733 4560 3380 7980 970 5925 4358 8828 4444 4500 4638 3791 7345 6098 3456 6174 6044 9299 3684 3916 6964 8962
29 6933 4141 2146 5388 8654 6857 6250 4917 9384 6000 3610 2057 8798 2450 6979 5301 8289 5121 5192 6651 6145 7237 9414 5330 512 361 5594 8707 121
29 5876 9392 3473 8268 2399 2357 6329 7561 1371 9254 2577 8024 4372 2251 3338 734 9057 3925 5105 6043 2571 4326 2419 9510 7879 5823 5688 8805 6008
29 4967 9714 5801 9538 6796 8080 6231 6459 8613 4697 3755 1282 7538 9943 8506 3777 8483 2243 6138 1799 2370 2033 4546 2413 9996 2300 6492 505 5651
29 1959 9888 7822 6770 9336 5917 9732 2736 2195 7147 6657 8924 513 996 2499 9660 4527 9818 8677 6927 8335 1128 7388 4161 7702 9729 8288 1129 2742
29 691 1965 8085 1035 6729 1067 6117 7707 9033 5251 2775 7572 1503 1013 11 642 1481 5985 6502 8470 2197 3767 607 4036 5746 869 4961 2737 9582
29 2368 9413 2648 2297 9256 9320 7177 8864 3629 2409 9077 6744 4289 7484 8060 5155 5443 2976 5124 2178 9021 6695 4429 7159 3337 7178 7968 5470 1978
29 4172 8849 3611 1359 1768 9492 5247 4151 3954 8693 9241 1373 3541 6446 5315 261 8025 4241 4945 5309 4689 8605 9769 9615 3983 9877 1488 4675 6080
29 3190 934 8407 5467 1348 446 3903 460 9621 338 4976 132 164 3651 6978 9149 5012 413 715 1329 6552 8035 3368 4578 8329 5299 3400 9071 8682
29 1785 4473 2996 7511 687 7689 2012 961 9095 3716 6485 6622 9394 6361 5739 2281 1007 7450 5951 4440 5292 4402 2354 3808 4125 4946 7934 5554 6751
29 2921 3363 5673 7539 1196 7421 6258 8049 6283 375 8108 6580 203 8344 6585 9473 4188 5927 2852 8998 870 145 1801 5199 9479 2787 7717 4029 5285
29 2586 1466 3756 6488 1365 7251 2482 9785 2141 1462 4393 8634 9546 9406 6615 8541 5704 4520 4990 7531 223 5974 6182 2967 639 4414 7888 6279 7322
29 7080 9890 1573 8406 5846 7979 350 2140 7367 4573 2024 7086 33 3858 190 2039 3069 1872 5592 2040 2184 55 9081 5808 7692 9673 5485 1376 608
29 3117 8220 2563 9727 2335 2557 8586 3278 60 2747 3412 489 2096 1368 9437 8687 4577 9973 3228 3194 1585 92 8509 58 8341 318 4027 9659 4932
29 8103 4467 3256 3782 554 7183 9304 817 8053 1562 6753 9302 6676 975 2470 8680 6515 5508 7243 8562 8189 237 7532 2428 153 6365 9830 98 4806
29 8725 8097 8404 9447 5245 1924 7331 5895 8530 7482 1293 5796 3220 2372 7378 7627 696 2007 4840 5745 3930 9164 6380 9192 5929 542 5294 2871 6290
29 9670 3423 9054 5939 826 3588 4195 1474 3653 5277 4646 7054 4525 7973 9906 8978 6908 6269 4982 4331 103 6601 9824 2696 7585 9262 461 160 4037
29 7643 9742 2381 9589 5889 8017 7648 9956 3620 3455 8584 2468 8455 8451 8086 9902 3894 9684 8796 2759 9934 9068 6362 201 6396 6315 714 3252 1479
29 6781 2209 1204 3496 3732 8747 8027 2003 1608 8701 6822 6618 319 9795 3243 8876 2989 7419 991 6252 292 2833 4713 4288 5727 6439 5648 9103 7425
29 1808 7256 280 6671 7397 3260 3598 6382 4050 837 3118 7149 5167 8488 1420 1354 2947 1218 3110 7000 7009 5162 4583 4196 5971 7155 2211 3378 6066
29 5371 654 3632 2803 9366 5077 9930 5668 5968 9263 4355 899 2129 3556 4953 2207 290 7291 7950 8284 4456 7987 428 8 4253 1510 3493 3142 8809
29 5959 4760 5326 4246 3534 2836 1407 3866 5400 2746 4314 9856 5863 9395 8377 2562 2538 8466 5440 686 9218 4992 6721 5909 8140 7271 8982 64 4908
29 295 601 7132 7175 3911 8851 6402 5696 2051 1907 3851 8417 385 9892 1821 1609 5763 7268 532 6183 911 9309 799 6734 2885 3404 7333 260 5178
29 3448 6950 8299 1191 6600 3501 6168 2570 1822 1016 5783 3783 3205 5759 6764 200 4446 4445 6989 7935 3453 1948 1102 3403 5242 2700 2831 6525 5386
29 3042 6330 8545 3929 9815 6201 5504 3650 486 1300 1157 6824 3165 392 7049 5766 1561 24 5261 6320 6143 4877 8412 6920 9399 6131 4042 5257 1845
29 6261 4852 5370 3505 6595 3339 3914 7230 1737 4227 4983 5499 3573 7840 7981 8528 4079 4693 7815 7959 2809 9142 4584 4821 2379 441 5284 5812 2776
29 3249 8453 2698 7030 8125 4660 2876 8130 9899 4629 768 6049 9864 1258 7927 3882 7765 313 9526 7108 1742 5200 954 9672 5072 7310 9276 8310 2174
29 9151 4078 8039 626 2785 34 4099 1417 4186 8234 1283 6500 5009 1898 2613 6473 1317 5397 4130 5963 7560 2314 189 5122 9024 2667 6852 6577 9715
29 2922 3236 2713 9417 5475 2777 429 6620 5456 8277 5210 4302 851 760 8249 3018 3340 790 5350 301 9072 7459 5306 9083 9588 2261 1811 4058 3909
29 5604 445 5837 6154 8543 5740 736 8083 1053 873 9549 8462 1243 117 5253 1620 576 4888 9562 4882 67 7949 4423 989 7363 1535 5479 7372 3624
29 835 4891 8546 6980 551 3643 8875 2396 6237 4018 5542 5058 6859 662 1525 87 597 3545 9035 3273 6310 3095 9792 887 947 6837 4819 381 9333
29 9053 1472 4980 2496 6009 1635 9478 32 5480 6137 4023 431 9339 3964 1047 4687 5081 6468 2052 8582 2545 3621 1116 892 2311 8667 6045 6534 7854
29 3883 6956 7186 612 548 1816 7922 3746 5598 3680 7721 610 6990 150 8263 9954 7105 5429 4941 8815 8769 8666 7242 231 559 3853 8276 649 3178
29 493 8724 1824 8440 182 3579 4239 7026 6410 2664 8266 9329 956 6359 4880 4325 4785 5035 8260 7863 7830 3819 6471 1507 1636 5775 6636 8275 5054
29 3425 2823 3720 5944 9037 271 5815 2640 6563 3036 4867 1229 8831 4356 2679 8398 7661 257 3863 8296 1747 2842 1261 5820 1706 5356 9214 3928 1357
29 2600 6570 6543 4878 2330 9951 4327 1863 9076 1659 397 147 7110 7296 8251 1730 8728 2286 9173 7355 8558 2017 9694 7346 2342 4883 2778 6725 315
29 8172 3636 5147 9136 9695 3027 2459 8950 3907 7769 3186 393 9223 3274 6328 7043 7002 6537 1537 2249 4570 8811 1900 8888 9578 75 7433 4508 7064
29 389 4801 1925 534 9591 498 5127 6983 421 9980 4104 2840 1865 8022 7592 4247 1971 4163 7336 8008 2355 9490 3464 580 1504 8095 3008 8955 6159
29 6198 586 1753 9826 5941 7358 288 3763 9397 6348 5318 6816 5228 6057 9675 3158 6567 615 8318 9979 9577 6689 9255 5622 8393 2275 8429 5415 5359
29 2758 9106 7642 8653 6265 128 598 3396 5999 7845 9721 7719 3090 4809 5439 9531 2511 5514 1435 1754 5488 8591 8426 643 6696 6998 3512 7647 7362
29 5266 4768 6257 8205 8492 702 4802 4436 229 309 15 5478 1344 2136 2194 7468 1020 2513 6705 9862 2382 2390 9389 844 1063 3897 7945 211 6506
29 7245 4469 2550 7494 8399 8400 7969 3855 3707 1025 9489 8006 5637 4478 888 8042 9203 5070 3608 3298 8115 7456 4381 9162 4275 1522 8156 8744 5629
29 2234 3491 3968 9662 2374 6602 8972 2688 8441 8567 6901 5589 6856 1338 8801 7012 4872 3713 2406 7341 4534 5450 4121 4320 9472 85 3066 1648 351
29 9141 6791 3492 4989 9584 5529 5881 1278 4386 4391 2221 1138 3300 9107 3745 3802 6097 9835 8253 300 123 3241 9043 9008 1392 7615 3718 8918 8308
29 4904 3265 3209 6062 5334 8565 3044 6509 2343 3283 2218 8726 1238 9753 7163 9314 7835 7847 4544 9703 8507 8512 7321 6026 5786 7172 2073 9161 9914
29 3592 9594 6668 5008 7569 336 394 5753 8833 2352 9773 555 2608 8185 8759 7811 4511 9844 2978 8357 7763 5464 2671 7892 298 9265 1084 8081 8100
29 7678 8946 5354 3482 9441 9131 9042 2756 5151 215 7621 2429 7800 7227 9393 5146 6630 5382 8369 9654 564 781 198 5839 1552 6453 4245 6377 2025
29 3516 2191 3076 6001 8927 3640 7864 4311 779 2212 738 1674 4137 2794 8005 4931 4864 373 83 1460 8821 5869 2984 157 2540 6611 514 20 1058
29 5634 1187 8730 9243 188 276 9352 1964 7232 678 7679 4948 1009 8920 3427 266 4363 4334 3494 644 9116 5417 480 3708 936 556 6900 7234 6555
29 6812 558 2765 1896 4291 6292 49 3885 8538 6756 5171 2638 7848 4613 4737 4177 7535 1927 8619 2445 9611 1117 6604 3607 1628 1633 5013 9109 6784
29 1134 7828 4671 6720 9200 7335 2305 9378 1429 2137 515 4694 365 6817 141 848 3176 6697 2100 8191 322 5332 5561 423 7997 342 7285 4860 4572
29 42 5160 1539 846 4259 5938 8105 3731 3141 2185 3417 3830 2229 4849 1106 1394 8192 8930 9766 986 253 2881 9156 9342 1136 5061 7819 3727 9849
29 4115 9960 8472 523 7015 854 6092 1499 4710 294 1441 5022 4298 3625 6971 2624 3481 2509 161 6648 3310 3686 7509 5720 8871 66 978 814 547
29 1408 377 6897 7096 3972 8797 1410 9884 3177 6278 4304 9494 320 674 4385 1121 5028 7610 3277 9502 122 3003 9252 4690 6503 3980 6583 3769 2810
29 9861 3240 6557 5557 7389 3128 3056 7786 7274 5809 5466 3648 2930 1672 6505 116 6739 4113 5833 5643 9739 5067 3101 6371 9323 3768 1696 5813 1877
29 1711 8372 9740 3551 1040 2005 7384 9811 6351 1631 1740 3667 6395 9648 5390 3500 5100 8013 4497 4021 1960 1262 805 5093 8762 6048 5531 5205 2702
29 8450 8424 1568 4474 1842 1140 6871 5516 4910 5868 5229 8500 6244 5396 1127 943 7455 4262 4504 2325 529 2905 1815 2658 7756 5505 3535 7923 5250
29 3153 7229 6982 4392 656 8513 2858 2526 2752 2036 8954 35 8479 7008 8981 2122 7269 4918 8842 4216 9518 918 9232 5540 595 3900 796 5139 8763
29 8980 8698 1512 8366 1491 4068 1976 4 1600 6421 2101 2710 7605 0 177 5769 565 3105 2062 1182 9187 7247 7809 2817 1719 5956 4240 3004 9813
29 3060 2993 4303 3533 5973 5898 3659 1614 1465 7723 949 1203 7944 7751 8649 4889 619 1360 9593 9952 9978 5804 9539 9928 2383 3668 1375 4426 9642
29 2139 1833 8468 8523 5209 544 5153 9286 4476 2401 8992 971 745 7393 74 5861 9126 5749 2590 3055 527 7072 4343 4862 3963 96 6106 7055 1714
29 2485 5835 7609 9443 3207 1452 109 9527 2703 2659 2728 3019 5856 5174 1380 4187 4667 2692 7113 7754 7217 2208 2181 2084 5317 4644 641 4270 1397
29 2107 7653 9858 4236 5324 5865 4650 7191 9515 8884 73 5052 6267 7278 3192 1549 5496 391 4921 3548 7443 1280 2743 3377 9796 5652 9307 5961 6141
29 4712 156 9298 6282 2943 3955 2877 8554 6038 1879 2748 7210 1998 562 9368 7311 3586 6298 5385 4947 8576 8838 4039 3399 2972 4998 9776 6806 1019
29 5630 175 395 3628 4757 4091 3476 5566 4622 9907 2801 2154 5916 6652 9044 3675 9317 1668 3892 3515 6063 5391 9487 8860 2886 354 1594 4686 8110
29 7233 9168 3860 476 8971 3302 7449 3735 1558 8714 53 3091 3348 3299 5406 3887 465 4292 878 9983 8899 832 680 6757 8148 1439 3023 1296 2953
29 2779 2995 4263 6723 3616 30 3257 3282 6321 1200 5752 995 7549 2113 4700 2997 2630 3329 1798 4747 8233 2956 2240 1333 4502 8173 5882 6447 9225
29 4378 3875 5955 6597 5984 6778 3987 1175 1890 7485 6554 682 3272 9583 1306 3156 7097 3336 2011 3507 8939 7312 4218 1905 1453 3458 7836 6126 6246
29 7411 3187 3877 7720 8587 3116 4971 7746 8912 7252 5119 7928 3381 8311 1943 4462 283 2932 1350 2425 8550 6680 6135 8940 9680 1475 9536 5872 9018
29 9322 6423 1660 1312 3937 5966 4310 1423 9308 21 8051 9209 4642 4489 4913 1304 5994 5083 9422 4406 2821 4000 7534 8338 3406 4727 1665 6899 3029
29 9485 4466 1788 1038 8170 6635 9632 5534 7116 8193 4567 6727 3335 6393 7748 3544 974 2835 8573 8976 8861 4215 3065 664 2982 7069 8534 4094 1216
29 2231 6428 8655 9257 4086 1500 7119 9350 6902 9477 2193 7420 6367 6429 4317 3945 7749 5579 5003 8314 5541 9134 2503 2749 6783 9894 8059 2296 5715
29 2763 8858 9328 2795 2890 8781 3781 2755 1210 4248 2167 3225 541 3420 4117 5278 9178 3850 4243 8347 2780 9280 4603 382 1517 7681 9297 7140 8816
29 9986 9475 751 9456 8012 2655 7003 8637 1031 5646 4059 6404 8675 10 8905 9337 5761 3382 9453 5000 9319 3913 3967 5215 5819 3842 7023 6903 2902
29 8111 4119 2711 1271 4170 5914 2169 5207 2353 8765 7974 7361 2591 4550 1433 2415 6847 9363 2373 1166 8691 5691 5073 5027 9935 1598 9409 6405 8302
29 1355 3353 5262 1425 1339 4996 3005 9079 9967 979 4887 6826 4282 80 8000 9798 2071 1233 199 9247 8117 4448 6466 6264 2016 7373 5180 7103 8485
29 4477 2870 5977 3950 348 9119 4093 4597 7831 451 4230 900 8944 6344 4409 14 4518 9345 7497 1586 2848 4451 959 5272 8077 398 151 5087 3045
29 3634 7427 6021 2351 8934 8431 6155 8464 3367 5313 1787 6519 9184 9880 8812 5802 8477 5530 4844 3553 2148 916 4074 831 3753 4902 6679 8803 5676
29 6766 6229 957 2202 2554 5511 3099 7323 1178 5860 4252 9803 5670 7369 3905 2542 2552 1074 9760 2474 3721 8722 7005 9448 245 2949 3933 2498 5029
29 1746 1579 3497 3171 6959 1192 8120 9073 6177 8204 2519 2920 7513 3203 8518 8469 135 1256 3797 4591 3416 1490 7806 4463 2546 1086 5762 8799 4075
29 8107 7277 4856 7338 1782 7073 5246 2490 8187 5716 7162 2673 3222 3047 8271 4668 1112 7951 6892 2806 7902 8283 8886 5017 7714 8529 7774 5196 1078
29 5322 6392 4574 7222 2069 108 9039 432 8751 9454 8681 1095 5177 2432 944 3820 7524 8628 9465 5080 1583 1873 4688 3092 192 3140 6589 3530 6513
29 2227 8551 7205 352 552 417 5997 4046 7528 2768 9915 9540 43 3520 2161 1871 7330 5793 8153 5404 1003 4930 6083 7739 8124 4845 2488 9374 624
29 8074 2038 7293 93 1331 3961 1545 9924 9770 8645 572 143 5445 4571 7280 9283 6222 1419 3174 8773 4237 1353 9556 708 860 3030 1955 8973 1624
29 1622 1574 9908 3452 8903 8297 6728 8624 7575 2147 3267 9909 7526 8463 1725 8182 110 7875 1309 7267 5828 2019 723 9411 3152 9325 1209 7998 5276
29 3250 5482 3324 3280 3342 6060 1722 2622 8553 118 2880 3379 3809 7429 7825 2187 898 2451 1847 165 9573 7422 2133 7502 5145 5729 843 5616 5275
29 3301 9014 750 6683 3681 7394 8003 9219 5520 304 1604 236 466 6747 1836 5510 3234 3742 3402 4564 1034 5874 6291 1892 7882 8908 1027 4762 464
29 7426 1826 8246 1424 4122 2418 3560 3811 3323 434 9165 8381 9565 3170 6312 8840 356 3262 7328 7188 2422 3796 6996 415 7514 114 9379 7019 9377
29 5303 2378 482 4950 4521 8915 9463 7958 705 8867 1947 2461 9622 2903 7315 1291 7212 3846 8713 6921 9759 7121 4256 6804 9650 2660 4924 1327 8380
29 227 3922 5383 2583 3258 8481 7894 3518 6516 7667 208 2391 6686 3513 1253 4885 5133 4898 4774 7525 1436 4599 761 6730 4505 7208 1570 3597 7100
29 9476 4398 2091 5103 4987 2324 6408 8897 3314 6588 7562 9775 9105 5933 7483 2299 3017 7730 494 6441 4346 1571 3613 6199 4146 6387 6254 716 1902
29 9848 2717 3254 945 2164 6397 1766 3166 8610 789 2072 4707 7308 2707 5405 4559 9946 7058 7145 9691 1857 8009 8048 3935 3293 8196 9341 827 5280
29 4460 8995 8184 8339 4088 2604 477 273 780 9772 7381 5619 3741 9380 7316 8262 5045 1837 1647 997 4696 9311 1001 3038 4538 3237 9347 9786 7956
29 8808 6430 5474 4169 453 5848 7466 8461 4380 6792 6100 7747 7838 5822 3447 5381 1393 8031 4295 9066 7470 2938 847 1502 1762 958 7479 9514 6932
29 2175 4052 1377 5613 9202 6935 3682 3524 5244 5066 3318 8754 7349 311 2680 4017 3487 3637 5096 9664 1085 1952 1406 3609 3180 5565 5627 2309 1910
29 7074 4189 3384 7216 1330 9787 8778 3762 3291 9790 813 7375 5433 2232 3770 4831 1792 3313 8877 39 2044 5108 9118 1103 2151 6968 3837 8720 5513
29 2819 9111 1599 3169 8227 89 3694 5298 5308 2395 1236 6007 3079 6522 8793 550 7401 1011 546 4720 4038 7608 3591 6965 3068 5190 8640 4016 3397
29 5522 3387 1752 5041 5528 7329 16 7084 82 8471 7728 2106 1770 4089 3821 8004 8593 7473 1228 2948 3134 6388 9736 305 1171 758 1886 3059 516
29 3536 3016 1379 9619 331 144 7124 3984 2572 7300 4425 6994 1195 6629 803 9508 1405 7807 1934 7287 1581 8670 6494 9683 9212 6840 52 5987 7533
29 183 1048 1143 6785 8870 1818 7724 4034 5226 5082 6464 6551 7467 2313 5401 5935 5403 8652 8089 8857 6702 5411 7682 8601 4312 7779 9513 8336 7553
29 4598 7849 9710 7785 5695 3454 9296 3450 1516 2369 1793 425 7975 9137 1663 806 7407 5337 6642 503 6749 935 6109 3369 4927 6833 7542 1705 8218
29 1720 4611 5233 7487 9104 7380 4279 2506 5423 4408 408 7870 1160 3587 9338 6331 1676 8602 6893 2481 4699 7246 9030 9958 2581 1540 632 8243 4594
29 8863 7633 9360 405 3630 3333 3201 9735 4009 7180 9391 2439 9272 9182 3429 6523 7304 4140 4818 6582 7941 5198 8038 6208 5426 4258 8947 7895 8626
29 2651 3216 7545 698 1712 6623 1275 8327 6677 605 4788 8970 8968 7675 1064 5090 6277 5238 1724 8967 3127 3136 2576 6006 4365 2278 8370 7591 5685
29 2574 4951 5564 4362 1004 9607 3306 960 7447 6118 5659 1557 6390 7596 7881 2592 1431 4778 7886 1544 5255 1713 4157 9661 7732 7508 5335 9579 7521
29 5780 4935 1387 6347 330 6046 7516 3126 2085 6876 2279 4323 8737 5506 6436 7045 1248 8511 4293 8907 1920 8352 3013 3461 9652 5920 882 3948 3358
29 5136 78 8267 8983 4238 665 2472 8699 663 4718 5883 7327 7347 9078 9084 4413 5568 4822 4153 2153 2276 5259 3939 5897 3578 9521 2786 1006 5232
29 525 577 8579 8088 191 4244 6368 3978 4999 3912 3654 1088 5937 8844 3451 865 4582 8902 1026 2675 424 99 7558 7146 5486 7260 2588 321 7568
29 7029 1566 1374 6643 7126 3266 1683 7729 7445 2615 575 3776 940 1115 5712 2177 7548 3031 8556 7454 5732 894 72 7666 903 8444 8340 4585 6619
29 6455 7782 6113 5323 2215 1795 2670 6731 5624 5339 5444 7684 1028 8319 285 4138 7837 2480 5063 1279 7936 6838 6373 1388 6569 7567 6782 948 7495
29 2061 7662 7794 8835 8415 8919 8745 7279 3764 5705 1794 2375 6036 9939 5312 8638 6708 8391 8889 9964 1919 9250 6617 8768 8901 1252 2210 5468 2444
29 1090 3709 2198 7574 2874 9797 2244 2293 2914 2358 5 1639 7988 5587 2021 6230 2183 5297 5964 2857 5290 5438 8007 1135 7656 4340 6146 650 5216
29 4850 5057 9440 8590 5934 4769 4217 3612 9754 4175 5307 8178 5596 8741 5176 8458 7046 1986 1000 2643 6510 6809 2149 3115 2257 2246 2980 287 4105
29 2114 3581 8669 8447 5195 6970 5632 1325 3405 7249 589 9229 8679 7960 243 3678 2009 4204 5064 2826 2389 4410 9873 9381 4167 6438 1977 756 5418
29 3941 1109 1942 1893 457 5345 2469 6374 952 1515 6746 8176 184 5457 5053 5434 7651 594 1899 1023 5282 9287 346 8836 2882 8449 1180 1450 2729
29 5525 5254 9198 9292 5553 9984 4219 545 7722 3285 6451 2500 2230 872 7101 63 3362 9275 28 293 3901 7962 9386 3343 3979 6195 9724 9102 4490
29 3483 2083 8756 4709 5751 193 7071 2424 9093 163 1224 4168 5384 6091 8147 8133 744 2626 4876 6301 2404 788 1266 7089 4154 7200 7081 442 7563
29 8656 6197 7855 811 2365 6819 8949 4415 9816 9629 6985 2018 7891 2674 4185 7869 1301 9921 1493 7213 907 6719 1678 213 2869 3470 8996 2975 5536
29 9273 7674 4581 5952 3772 6664 9891 3582 5148 9937 2569 5857 3297 2331 2289 670 8206 8894 3670 5701 5497 9434 7288 4225 7218 921 3231 2217 1743
29 6470 9988 2517 9927 3991 8143 3919 1745 6073 9096 6280 5912 173 9133 9781 8700 8642 332 2426 8552 2685 7620 1416 8151 4056 4984 9082 6573 5016
29 646 9215 9446 9117 5903 9506 4909 6150 627 5945 4639 9961 7872 106 4348 8874 4341 4124 7032 9092 8231 3879 9560 1686 4623 6758 3296 7194 7899
29 1983 6507 4759 7343 2152 1066 1100 3373 9139 3164 7668 3114 6167 2771 2142 9006 2595 2055 4782 4316 3147 3415 2443 1992 6499 4741 4978 8749 2925
29 7036 5465 7047 1247 3460 8356 667 2614 1758 9761 6379 3242 7866 3489 720 1679 6872 2725 7706 584 2926 6289 988 1716 9516 440 7010 759 7804
29 7204 820 2092 3558 3087 4399 5217 6426 3506 3617 9504 9244 3215 6547 1524 6469 2533 2969 4965 7302 5141 7555 8430 3740 4202 4897 6958 3154 9841
29 1208 526 5321 6297 795 1682 9274 7989 1145 7877 4471 9731 9885 8040 6085 1384 1543 3245 3814 3692 9860 9716 8787 4404 4335 905 2431 9711 1875
29 7344 152 3198 3856 3471 2205 5387 2479 5829 9190 1612 473 1222 5742 4004 4055 6268 5059 5304 5998 4612 683 4090 522 3723 8373 7737 3070 1181
29 2536 671 7382 4433 8740 9568 4896 1422 5940 6815 8651 1412 7359 6738 9324 3130 7374 9067 521 2502 8721 5854 2657 1963 270 5827 9893 4780 8887
29 6241 9543 7781 1062 4807 5476 7253 4777 357 4005 8937 8933 4394 2687 9186 6750 1797 1694 9919 1292 1698 3926 3327 637 6343 8313 6394 2895 3173
29 9957 3766 4286 6850 8847 8630 2568 1941 5095 7474 452 4552 539 5281 5234 2532 6356 8583 5364 982 5408 6067 5342 7967 6119 6659 3224 7734 8941
29 3717 8078 769 5343 4839 1707 5086 6896 6863 5570 5851 3931 2206 1313 2739 8382 8294 6381 9801 176 6173 5991 4936 3354 2814 3421 1164 9572 8770
29 9281 8044 8718 1065 520 9990 8214 7098 5873 4280 7977 7577 3657 1083 3976 549 7913 9306 3261 8702 8138 5172 1881 9122 3673 9206 5437 6923 2796
29 2753 2056 2919 7907 9385 9810 8620 449 6185 7841 4127 3504 463 5730 5236 4770 3137 2456 5373 4347 2827 9827 4319 9916 6132 9523 8068 5399 5002
29 6212 9601 5128 7259 1757 6480 7093 9491 9426 7405 9207 7130 9291 3799 8104 5697 890 2901 9726 1214 8270 7070 5888 1099 410 7221 3645 4653 8729
29 6475 6845 994 9850 9361 61 6363 9416 5460 684 5610 6411 1342 9362 8641 7703 7462 5906 3315 7873 6247 4618 1654 5921 2934 9138 8136 3749 347
29 7874 5832 9147 7189 4368 2186 4659 3490 5165 6813 8519 8647 2041 9290 6843 2999 4198 8931 3862 3372 6886 4721 6104 1828 1814 3024 9295 2942 5221
29 7289 2652 9445 8375 976 6740 1260 7624 5157 4464 6688 4658 4750 9627 7921 7761 6370 206 4738 5347 242 7193 4556 1783 2118 447 1901 7964 2634
29 6034 5046 4725 3035 8397 8131 2678 5922 4952 1710 1610 37 5252 5948 7844 8723 18 599 6737 9788 9045 1332 4735 3294 1254 3890 2543 5778 3663
28 3037 8484 4324 8200 1230 5118 3947 5693 7370 4972 4396 9221 5043 2722 5123 8686 1227 1381 1840 1820 8882 9698 1578 9421 2927 8929 5988 6157
28 2400 9488 7613 8152 5213 4067 3172 6407 3139 9625 7203 5201 8572 4734 4874 7680 2955 2931 9012 2120 9466 6646 6945 1308 2549 2994 162 8054
28 7317 6803 7947 9876 7109 536 2441 5369 9869 8827 2644 3854 7281 1889 7829 6033 5628 4220 1868 7898 6345 7757 7862 6349 8021 9086 8817 725
28 2531 3873 9764 7708 9075 5156 1772 3295 5258 8910 2053 4906 4871 1723 3477 6511 2420 1773 119 1072 8279 4723 2690 3940 2008 324 9512 3712
28 1988 722 4390 1721 1897 2386 3522 8157 9865 2268 1455 8247 765 6376 7797 524 2219 3730 582 2714 1911 9911 3734 265 1447 5305 5623 9819
28 4949 8786 3028 4993 7925 3311 4082 5015 3589 8660 3602 7226 2247 1888 4224 7250 1122 1403 2121 1658 5611 9765 5576 1806 7523 1645 9176 730
28 5567 7148 1030 6214 6640 6416 1809 9120 1644 4001 7158 4307 185 9762 7660 987 1089 4579 4732 6238 2520 2004 9 5230 5346 9823 2245 4118
28 7859 4753 4494 766 7871 3312 2228 9806 5005 3122 9831 2301 4981 174 4589 739 1032 7536 2928 1880 5803 1972 7102 5193 5344 3773 6400 6108
28 6125 570 94 839 1531 4803 7244 8872 462 2323 5744 9356 7028 8911 2403 409 3320 1526 8047 6773 3839 2977 1352 7276 4669 5452 4285 9004
28 6243 3155 3058 1399 1649 2788 8938 4939 2677 1487 6004 8164 2303 7512 7791 1580 7586 2598 384 4811 1294 5164 6545 8061 3576 492 5571 3000
28 9913 7937 3179 8657 6888 747 4535 3953 3702 7650 3881 1198 4350 8264 4630 1326 1039 8122 5578 7282 4428 3705 3568 57 5214 4814 5487 9551
28 1932 9435 4634 5241 5721 5545 8052 1560 2168 1961 2992 2298 9745 4134 9851 5074 8476 7305 6287 8413 6763 3094 4954 998 7817 5295 4261 4516
28 1168 5014 5758 501 9080 8893 1990 4576 4665 9089 2360 8916 2317 8326 2082 376 5677 8378 2669 2200 7762 6216 9586 3463 5980 3539 2074 5111
28 9344 4764 436 6687 4503 6003 3064 8261 5585 3347 6452 8410 4828 6215 6550 1477 4652 4833 9545 7059 9179 9278 2421 1221 1114 5625 5995 4968
28 3995 666 3288 4338 9743 9236 9128 7295 1220 6123 232 9121 7878 6274 1777 194 5879 1849 6210 2656 1244 9458 9455 7557 5477 6223 618 6760
28 9702 1813 9246 8678 7614 1553 7201 2131 4691 1688 3100 9771 7697 9687 2196 6204 6327 9712 8753 6041 7263 9542 240 7486 7463 9530 2505 748
28 329 4491 6992 6520 7161 8258 9676 2171 6621 5609 4692 77 3517 5189 6178 1056 1906 3700 2363 3393 4654 195 3601 1576 6307 2556 1930 7440
28 2438 660 862 7946 3656 26 130 7985 7625 2126 5671 7239 6128 5010 1485 7390 3774 5314 84 76 5689 3685 7211 1289 6251 3751 7520 9837
28 3733 701 688 7918 450 6463 4717 8906 4834 5102 7865 4795 7598 1302 252 9231 8818 833 569 6814 4147 7157 6571 3034 4776 3787 6342 9847
28 4928 6975 90 6425 8850 502 7060 4455 3009 7790 2058 1521 7777 4672 6186 8486 3726 8676 9548 3646 7948 8221 4043 8999 8202 8548 1652 1625
28 9767 1577 474 1691 6294 9646 1051 1024 5574 919 1133 1547 7117 484 1802 8904 7664 6800 4519 4383 5428 3303 6207 5708 2618 6020 8041 25
28 7166 4071 1492 553 1021 5794 8717 3844 8936 1575 8368 3917 5170 9461 5084 2960 2646 7037 5329 6954 7007 4919 1223 6414 8578 388 8139 1101
28 9976 3590 9561 4166 1704 6482 850 9636 5181 5896 4030 930 7065 1735 901 2843 7978 9237 4647 5586 2287 9474 5034 4756 5849 5231 202 8032
28 2620 207 3025 4632 7529 2693 2599 6910 3391 443 3332 4858 8791 1944 9853 3167 4542 5601 5533 3563 1967 8167 9563 7683 5560 4438 355 3572
28 3238 4182 816 5608 7115 4214 4824 5612 6313 9777 7488 6634 6437 9172 4724 2846 4631 5088 8330 8222 8928 8752 1661 8254 9355 1736 2697 3891
28 7768 602 3827 7198 1937 3401 1970 2701 8198 2730 9733 6733 3813 7693 210 6799 1796 9628 9217 787 6540 1991 7839 7499 7214 1225 2288 9423
28 1274 5947 7392 8625 5915 1861 508 2764 6887 8521 8873 3710 5760 1650 8209 9617 5186 3817 1780 4979 2192 7171 9878 9706 2312 2492 9638 9269
28 1950 7571 7857 557 538 8388 7034 2815 4422 1916 3063 2653 6715 3213 904 8127 6594 2049 895 891 3828 5655 7325 9667 834 5573 8387 3057
28 2501 7228 9041 168 9692 9995 6722 6508 868 1593 6164 8493 5038 866 3113 8909 2226 1363 2812 1653 6072 3639 3689 2904 7125 4143 2454 2579
28 902 804 5711 6861 849 8349 214 2476 1843 6483 1931 1418 1281 5593 5319 3015 8695 9866 6202 2704 2898 909 8964 5722 9205 657 9188 2467
28 427 4974 7297 3775 281 8503 8841 9129 9752 8250 1760 2609 4563 8145 3230 2176 1343 9709 3290 9387 3510 9148 623 4793 8921 2291 1596 5754
28 4373 4543 467 3248 4870 6253 8082 5302 1322 5597 8023 4209 2617 9429 2095 3603 9780 3106 9230 809 7184 1404 5004 7063 6022 651 6270 4956
28 587 4077 1831 5239 6299 4944 2393 8627 8079 1756 4123 8092 2471 2741 6121 7991 9843 6248 1703 2597 1015 1891 5635 4008 5728 2054 2641 2850
28 7377 3195 1738 3690 7472 3309 1607 6318 7365 8248 7919 6559 728 2515 2134 9922 3211 5098 1928 4345 6962 1601 3062 588 4963 7559 7041 3988
28 2248 2093 4925 9690 5884 8392 7460 877 366 1176 3077 786 3438 3133 4359 2213 5962 8795 9427 4421 8658 3081 9644 4531 6235 8959 7602 3263
28 5033 4228 22 5556 9541 4640 6692 2345 3531 234 9599 2510 7850 9372 1193 6491 4450 5891 9332 6153 9112 5394 1449 963 1328 4656 8776 7517
28 402 2463 1052 6793 472 876 297 6028 5989 71 7077 9449 2521 5600 4281 3321 2866 2478 1616 1286 8228 6308 4800 5006 8045 4142 7182 818
28 7031 5293 6069 2939 5263 5723 9744 9784 1973 7160 5348 8229 6272 9334 5286 9245 9000 1989 5273 3990 4742 697 9623 3786 7673 3626 4106 4133
28 6372 490 5858 6548 9655 8790 1246 4361 4873 3360 4575 4062 2302 8056 2731 6148 3555 6031 6877 12 1761 603 9758 9875 5978 3375 7970 1396
28 3104 2639 764 1681 9316 3944 7261 3893 8671 717 6527 2937 403 8171 8150 9944 6665 7241 1172 7856 1848 1832 1185 7827 7255 8321 2371 17
28 655 2829 6553 8439 8985 5431 3803 3270 8648 9604 4120 3098 8414 8154 4565 5617 2283 6095 9524 2065 2951 8883 2108 3097 497 3924 1727 8113
28 9289 5777 3210 1437 1556 2933 5310 2048 9268 2236 167 2642 4621 4452 793 3086 1980 4684 5412 3020 9651 5219 2844 2486 1347 8632 8252 6249
28 4933 138 8961 9992 915 563 2769 9669 3557 4628 1165 7953 1765 9800 8560 4498 4203 990 8510 296 4384 8608 411 9547 1277 8514 4308 1533
28 4517 1715 6111 8734 212 7292 4857 5166 5320 5094 4915 1307 6194 2799 5110 7033 9405 4132 4783 1318 6830 4841 4328 2929 6316 9532 3758 661
28 6448 4092 2447 7340 2392 8144 7265 2818 383 6546 2250 7813 3474 2111 1559 6450 88 3571 8473 3970 3269 5864 3371 5932 7301 3687 5825 2719
28 7955 4616 9038 5946 4379 7698 5814 7409 6628 9968 5845 6086 5830 2319 9679 8975 8501 875 6010 5782 6549 9982 5805 496 6810 9354 4605 6415
28 7966 7587 2060 1501 4744 7890 6672 713 5590 5757 2547 3825 3807 4087 7457 9271 973 4586 1033 2625 3445 4493 5633 4176 1563 2751 8307 5463
28 838 7576 773 5025 3841 8020 1080 7078 3915 9293 4072 6015 9567 4197 1966 6633 7564 5441 5549 7860 3239 763 3674 6 335 7903 2059 8574
28 4719 4232 2718 2397 3168 3093 4705 5501 3434 8160 7092 9315 861 2601 7128 4832 1582 807 9686 6991 5340 3325 7713 6661 9171 4706 100 7659
28 6089 8595 4397 1364 2954 7042 3350 6973 9150 6504 8418 1750 964 8577 2477 1532 2320 1643 8859 2897 2066 8390 7665 3197 1212 4614 517 4752
28 6456 9783 2950 3549 1954 4211 6326 1096 5409 4024 5735 1744 829 6941 4875 4547 8163 6627 5328 6937 1213 6054 4265 8771 7775 6823 1079 8225
28 3212 5030 286 4794 2813 9522 6474 2860 1855 8575 7607 8093 9575 4487 743 4110 9634 8617 3431 1589 6378 6187 6293 2893 1413 3662 7626 5631
28 9059 5798 3704 726 7695 928 4480 1124 2966 5436 343 7412 3151 8423 9949 3532 6711 2068 2260 2610 6213 225 1621 5135 6904 3287 1613 4208
28 2076 6514 3374 4900 4191 7954 4231 9005 3942 7272 8241 3966 7628 3052 2306 8491 7971 8537 5686 8639 863 9700 1240 4540 6787 2537 9998 7917
28 1400 5500 8383 8432 5653 6765 8890 9612 8820 3671 3703 9467 134 9898 7111 219 3908 7942 2891 2887 8855 600 7290 2560 6433 8174 5674 7319
28 5663 3815 4805 5532 5908 2512 6493 1059 9484 9258 791 7299 6866 3934 3341 4174 1207 59 7906 4375 6948 3981 4602 3026 1866 8129 2290 2668
28 5562 8709 2090 6578 8969 9685 1675 5855 2239 7430 3049 675 6533 4704 4679 4276 8002 999 1426 9279 2280 8597 9505 9015 419 2388 3960 5099
28 9554 7880 3125 4006 6579 3543 7181 6401 1509 2935 9932 1484 2647 7578 9730 6592 6024 7413 2089 3271 5993 2666 6149 4604 6938 2915 6663 148
28 1189 7883 4349 5269 2596 8997 4040 6209 1632 5900 9552 4561 1497 3475 7565 8881 755 7294 3109 1324 7617 5362 500 573 5776 7537 5203 8075
28 6399 4417 4912 1370 7307 8306 9099 8865 3376 7446 775 2689 8621 749 6685 1496 6454 4435 2460 8777 3760 7225 5208 2377 7912 1786 8596 5750
28 6694 6603 4066 7787 8166 3519 7481 9817 3744 2339 2394 6427 9439 6295 3711 4370 3989 7091 1215 9809 6025 2014 3472 8028 6986 9070 7492 6305
28 2633 8346 23 4057 416 5965 3951 1049 1123 171 6304 4069 1784 6409 4003 1310 8489 5603 4032 3131 1044 9365 4242 2723 9062 2716 2773 1859
28 7024 6190 275 5287 2442 5031 8324 3410 2841 8663 8526 4486 4969 2337 7993 5071 9889 5781 6232 1851 6375 2798 3418 7106 2347 3869 2564 1061
28 6942 3305 1690 6030 567 4053 6818 3669 7920 3112 3559 2416 3801 1829 4418 4103 6593 3822 3132 7718 6078 6591 1981 6967 853 7017 3422 2824
28 6759 4869 9460 8683 1276 2376 9799 4562 5949 5481 9717 241 4255 7764 5642 5519 3317 278 7814 6565 7035 6314 5191 312 5953 9450 7424 3810
28 6988 5169 8076 8580 4165 1958 2541 3833 8549 7087 2612 3366 7152 923 9912 645 4970 4714 8923 6607 3806 1838 426 5131 9834 439 5495 2329
28 7547 9371 7566 8177 5206 7929 6032 2767 4144 9719 1994 4722 771 6915 4454 9267 885 5451 340 8384 8018 3389 2781 6288 1432 5042 2273 9318
28 2473 5377 3999 6094 2832 815 812 339 125 1315 6736 277 323 1789 3428 1234 7635 6955 7518 5626 372 2269 3959 9789 5521 579 6169 4305
28 6161 5267 9424 5647 9614 634 7085 8692 984 5983 3661 4641 3499 7428 5143 6999 9160 648 4212 5558 5807 5738 917 6467 9432 2910 3334 3800
28 5756 263 5656 2318 7371 4427 2079 5154 8210 1588 1642 867 2035 6726 2900 881 369 7298 6018 2380 7477 6653 585 3874 1372 4412 2987 7417
28 8446 7324 9213 4060 1807 2 2042 2965 4655 4192 5360 4975 4116 7356 4194 3304 2561 8794 6077 7273 1361 4955 7134 2127 7354 5422 4112 3750
28 3435 2182 6319 6610 7475 5185 3932 7986 5182 1217 8281 606 1340 499 420 4388 6606 7727 9689 9051 3284 8775 5824 5379 2006 4815 1050 1073
28 9576 8570 5374 209 8442 6780 4674 9867 774 8224 1623 7326 137 7066 533 4929 2255 5044 1936 9639 6360 2270 7631 5698 8443 2455 9749 1697
28 6262 3823 5115 6541 7541 8119 7579 2103 4592 5773 4367 3459 371 1383 6716 9011 4648 509 255 5764 5581 6477 3498 983 7540 3993 9493 6761
28 5498 3638 635 2855 6873 9061 8764 6051 3664 5859 9812 2326 5112 8278 2045 8066 5220 4102 9608 1518 633 3826 3580 519 6631 8037 3633 9918
28 2237 8063 5755 6276 754 485 2861 5543 543 2338 7911 4958 6807 4879 8719 7616 880 8137 4651 5357 5539 8761 5248 7887 4233 2784 9167 4439
28 724 2258 2104 404 1108 4698 7646 1627 2427 5599 4015 7493 1321 1110 105 8298 6862 4159 4353 8255 6788 4827 4041 4763 3789 7498 3569 1478
28 6255 3605 3511 5472 5885 6709 9175 3757 6259 9249 4758 2539 9630 4551 3370 3642 9497 808 2157 254 3695 3585 1473 1946 4771 9903 8789 8672
28 6851 9189 5018 7803 8355 9501 2917 9846 7415 7640 8211 5614 6457 592 5894 1709 1094 3072 4633 5710 2959 5970 5104 3829 2681 5774 7897 8804
28 1995 9839 7552 2457 1438 2475 2761 8367 8072 1202 6302 7199 2010 5768 1251 4080 7604 3054 7079 9369 8291 1029 3204 4798 1534 4962 3728 41
28 3748 3233 7179 1468 7439 3921 896 1398 8445 4636 6476 5023 3596 9734 7507 7696 6336 5442 5414 412 2619 6786 1726 4890 5943 2222 5365 7368
28 7142 8480 2271 6795 9895 1935 3975 4085 4851 704 1506 9210 3328 7127 7123 7588 2050 8780 7652 5158 2002 2811 9999 5331 6170 3737 8287 7788
28 8716 7551 3537 4730 1486 507 8011 6647 1319 6775 4548 864 2834 7187 6088 4779 1267 5268 5844 1159 4081 2862 284 5526 6011 9637 7669 469
28 8694 4441 8495 5853 2968 7889 3722 8162 9294 4855 4432 4729 1367 8360 2341 8259 5913 2316 7104 6682 4199 6712 5150 6333 6273 46 5398 3861
28 8561 5138 5113 1528 6406 7632 5818 3502 4580 9242 4736 7690 2124 8331 6544 1337 4148 4657 6017 2070 9480 6139 3747 129 9032 4010 3394 5936
28 6581 9216 9197 267 9897 3698 5875 980 9048 6016 8359 4234 7799 1494 8245 8520 2683 6462 8371 4620 9580 2676 1075 29 9953 9503 5449 2366
28 1921 6703 2529 9196 5024 3997 1617 6205 6660 1457 9750 4609 4321 5243 3514 5032 2321 3255 5899 2031 1536 2356 6639 9555 4510 6717 7805 8402
28 9970 1781 3938 9616 1148 2001 1091 7266 1295 8994 9185 6065 510 2267 7686 341 6911 591 2981 7556 8650 7083 2551 5660 112 5240 1538 6325
28 3798 6422 2254 3779 906 7771 5923 3488 8362 5877 4649 926 2884 1602 560 217 5694 1755 9143 801 1953 9852 3108 475 5572 8788 5575 6691
28 6217 2414 2086 5471 5555 6928 7744 7442 879 158 7185 8727 8328 2027 1759 6160 51 718 1445 9704 386 2988 4683 1878 1565 1739 3184 9656
28 5069 8290 4171 7387 6389 3446 7700 4513 6180 908 8951 9936 9056 1555 1069 2816 4911 8188 9845 3752 8487 9598 4492 6987 9605 3120 3868 104
28 5366 3182 9925 7710 7088 8498 6693 9396 1567 6300 621 7990 9469 7491 1077 4158 2621 2458 1459 4635 3547 6881 4595 2837 6366 4541 9926 6039
28 679 3001 613 1882 677 8662 6498 9794 4615 7275 5473 4726 778 5765 3889 8226 9969 9977 7933 6575 4268 6667 4838 3357 8614 535 5527 6916
28 4483 1641 8394 9868 4751 5537 1520 3259 5117 4739 220 8564 883 4315 4044 5425 4792 3794 8878 8813 8342 7738 1605 6880 3594 5871 1874 2907
28 658 3 8896 3765 7496 7581 3462 6445 6869 3275 221 3852 5274 9234 1551 4772 2828 9228 9618 767 8416 6827 9948 9040 1945 4558 1237 9991
28 6584 2859 6093 9055 1569 2274 4991 9534 3041 3223 1542 8715 8475 7655 8123 9746 583 2682 9364 8435 6517 6196 5607 859 3658 1153 3276 2067
28 6883 3725 1257 7270 5368 334 6878 38 5076 6103 4865 3619 3843 7480 6530 4073 1732 7404 8527 9132 4098 6801 1763 6496 2315 5179 5085 9193
28 4661 6013 5212 3202 8760 5011 4045 6129 7772 1800 4014 3103 9063 9838 3469 6495 7051 7169 6172 4702 3129 6832 2046 4254 5662 1298 7741 4537
28 1451 8943 6926 6047 8960 1476 7527 4799 886 4916 9821 840 5019 4708 8238 3676 1748 7843 9404 344 7725 6184 5114 8704 5666 9358 578 2883
28 8320 1804 1421 6105 4354 9177 2238 9931 6176 3677 8606 2224 3527 3529 1618 2558 4892 9647 9626 2705 8785 455 1914 1982 6650 7444 4670 272
28 3949 222 7638 7808 6239 6605 5887 3736 4790 8774 1177 6704 7122 3071 7090 1687 5960 9722 1844 9419 6156 8101 1530 362 7618 1884 1162 3906
28 2266 5376 9870 7858 4250 5407 3144 4789 7306 6449 9883 2888 2616 5291 2957 2875 7044 5421 912 1775 9444 4210 2783 6924 3386 7583 3007 6019
28 6461 5904 9657 6776 1036 7238 2808 2654 3006 8309 7353 7846 2789 4178 5790 4676 438 7410 3189 3795 4740 7792 6140 8942 247 9610 3352 1231
28 9174 7258 5227 1316 9349 9778 3523 6917 6099 3996 2735 981 3083 7826 611 1005 1463 5517 9671 3538 5039 2544 4411 5494 6835 2807 8984 6907
28 3888 4330 6849 4847 5483 8814 2724 444 3880 7453 5048 5187 2853 8987 5484 2497 8159 448 6035 2361 6266 5986 7342 3840 4746 830 1731 8084
28 9807 2804 3419 6710 9751 1929 8389 6951 9065 2285 4129 1957 178 2465 1975 2825 2094 7789 6133 5089 4973 1087 8179 5731 5458 1156 8738 8735
28 3622 1386 5130 4797 3051 6864 170 2430 629 3292 2684 6771 3564 4403 4836 871 4352 4554 1615 6179 1287 9901 772 6706 5621 3200 511 852
28 9430 8668 4901 9763 3162 2310 4545 1255 3780 6158 8301 9094 9013 2336 9641 6079 3595 7107 4985 5065 7900 7386 1940 5641 3788 8219 3570 2449
28 1670 2892 3185 6311 303 762 5353 8421 3467 2493 6969 400 8374 1320 1118 3962 7677 1915 1495 1471 3067 6735 9653 6913 8703 7821 7885 4437
28 2166 6875 933 3784 9227 1646 6674 1158 3986 6576 4964 8646 228 7133 3356 1104 1480 4532 9402 262 6596 401 652 6303 8557 4336 5184 235
28 7076 1070 268 5990 5725 4061 3121 2986 7755 2792 216 4205 9415 7599 5279 6084 5743 9259 7736 9713 6867 9125 8016 6825 6281 6637 5741 9965
28 3218 4826 5142 2145 3442 590 5683 7573 7832 8161 6147 9668 858 2695 5427 6839 7649 7641 9855 2567 6811 3355 248 2791 6053 5078 7303 3509
28 5675 1037 139 1564 4966 9529 2328 5489 1382 316 2188 6882 7731 2491 3135 8305 712 3449 3096 4419 9261 9060 6052 2407 9663 488 1611 622
28 2923 7038 2327 2294 5942 1546 1385 1791 186 6587 1043 4986 3468 8358 4728 3540 5204 2264 2964 7114 3208 821 9886 6323 1169 8014 8633 4608
28 4395 5288 3227 9987 8588 8244 932 9412 4810 1918 7236 3408 7824 6609 5811 4401 2507 7137 5161 9624 5918 4150 8175 491 8784 969 7471 1428
28 250 2117 5785 7144 9220 1017 470 1667 4959 6124 6487 709 6963 2412 6501 6134 360 8708 7939 6127 8457 1366 3226 6953 6713 3012 7530 244
28 387 5341 5051 2800 8316 6332 5224 1440 5055 4593 3040 7170 802 7112 825 5175 8208 367 6403 8979 9557 7712 2411 6960 8317 5866 6865 4287
28 8898 9110 1082 2744 3754 8055 9500 703 5821 1997 5132 4063 5037 7174 1638 3251 9312 3793 1778 3088 7013 4781 8846 3413 459 1699 2349 6443
28 8036 4054 4645 1664 9904 9457 2350 363 5840 7908 8839 1867 1489 7435 6586 378 2088 7961 4680 133 2899 2077 6797 4812 7478 364 2087 9028
28 784 2548 1634 2398 8832 6481 4813 6521 4351 2023 8069 3124 6997 9720 2962 8696 7348 4748 2130 6306 56 2856 3080 8408 8395 6560 2160 6271
28 922 4162 3836 1144 4313 5800 4868 2495 5265 6120 1265 6762 8403 3834 1464 8448 5327 8731 1870 2628 9091 7332 1314 8522 5047 7654 9587 7600
28 6524 95 6562 6357 4357 4416 5981 1856 179 8866 218 6226 7357 9007 1444 5378 326 9002 9098 6228 5419 5591 6040 3738 9693 9962 5392 7168
28 4825 3409 9528 2606 9596 6136 8292 6972 2109 6532 8585 1378 1305 1461 4761 1894 9326 2944 6645 8822 6484 1161 2102 2990 9570 9645 6678 224
28 9034 3432 6558 9481 5602 7176 4745 2782 8351 2284 1626 9828 9829 8742 4977 2125 8611 4108 2665 6884 3691 7504 5092 8599 269 2170 8102 9972
28 9882 6656 6263 9253 3111 9649 2408 1299 1827 131 5351 2504 4048 5547 4160 6993 8304 6641 3478 2527 2494 3593 7167 9085 4512 1311 4269 7095
28 5836 6936 2708 7926 7396 8333 1858 136 9154 4097 1155 3486 4028 3199 2754 2262 7391 1993 2894 9199 4180 5432 2650 8990 3351 6898 9486 8965
28 4329 2906 31 2637 3904 819 7197 2585 4997 6842 6769 5068 7758 8064 6350 8437 9074 2924 9135 349 2015 9114 5996 8425 5264 2112 2110 9452
28 7952 5188 1987 1008 379 5664 7016 4339 2433 7062 6529 2128 1411 6841 6918 1584 3022 6398 8109 3344 2029 8197 4213 5563 2528 9438 8323 8643
28 3623 685 5222 4257 6023 353 2983 4526 1259 1349 5523 8168 3604 2694 5256 2727 5548 7220 6846 2911 7593 7510 5982 6755 4300 2199 5870 9748
28 3719 8354 8385 6779 9509 4251 3848 3175 9436 8986 5502 777 6805 3308 4863 430 8436 5893 4296 6050 5787 9464 2405 2565 4051 6012 1803 2623
28 3289 3411 3119 8603 4619 1232 8517 8070 2334 7852 433 9090 8525 6087 8217 5806 1068 7262 9301 9285 9303 5194 2631 4164 7930 7834 8180 5816
28 8128 8697 6005 828 1862 2940 1170 9517 9087 3466 1336 2464 9574 4829 6090 44 4459 2436 6203 6193 4206 4274 914 4549 3818 4337 9905 3436
28 3426 1132 4111 5580 1839 1695 2259 7630 4184 506 7057 6741 5661 9348 938 9383 3816 8190 647 5137 9535 5551 2970 7398 951 5518 317 617
28 1819 8401 4743 3920 2075 2159 8499 1097 7082 8181 7461 6061 2063 9600 5060 695 4026 8935 3437 5972 2726 3014 1369 770 8555 1850 8792 8622
28 1119 7868 1184 1984 9270 5924 9613 3778 9238 9398 2611 6386 2483 8353 1903 2155 5211 7685 3627 458 977 9144 3910 574 3574 776 9471 1154
28 5197 4791 8118 4277 2699 927 124 5792 374 7810 9240 8758 4420 4047 2462 3390 3484 4011 1550 3196 4333 7118 6798 97 967 7021 8571 3253
28 3388 6497 7254 5767 8223 9127 5976 9181 4923 2385 6829 2587 4389 5493 3307 742 3191 5270 3971 9100 4664 9701 9553 1190 7778 2991 5393 8932
28 7992 3832 3969 561 3219 1662 1985 5706 2322 3567 1269 8993 8433 2732 2896 9728 924 1483 1733 172 7438 9768 8411 6608 5375 9101 7783 1841
28 9010 7519 7812 4514 1790 8953 7286 5584 2979 1323 6101 1219 6236 5352 3943 8604 2348 2344 6870 3495 7940 2593 1651 6059 8091 8265 8868 8269
28 6369 2941 7784 86 7644 6355 279 2790 8490 7802 966 5372 9658 4843 1939 7224 3824 1823 6335 4787 1834 7027 5636 9163 8230 1356 3761 5618
28 9863 3392 8094 1913 7801 7464 5459 7209 3214 6162 2740 1657 4837 8199 1693 1951 6068 7823 8743 8853 9881 9569 2605 3838 9929 913 7905 7820
28 9499 8848 1273 9804 6868 9442 6748 5447 8609 9757 972 154 3221 4995 1885 9140 8750 5734 3876 5615 3896 3085 127 6418 5582 8062 4407 9335
28 8419 7580 707 6820 8345 6472 54 7766 1346 1968 5979 8116 4468 1869 5702 8589 518 1345 9403 7206 9370 6512 3433 5107 149 9981 7796 5902
28 6233 6122 5056 2242 1864 9879 1092 2566 7489 3161 9971 5538 2435 950 9022 8891 2706 9204 6352 1057 7248 1949 3457 6070 9620 2712 4470 4695
28 2220 5544 3985 9507 3739 7982 1852 4136 3631 2123 8285 8236 2961 3073 1150 7645 9959 3743 3365 8843 9266 4449 7451 8856 1010 5380 6947 7687
28 8705 4853 794 6860 8612 3465 1876 5958 3143 3159 4294 1245 2028 6940 368 1206 955 1825 4405 8428 7099 1263 7544 8300 9947 7314 566 9950
28 6064 4588 2097 8242 9017 6929 6821 3526 1498 481 8235 6944 9400 5202 5183 4382 2180 5665 101 9511 3043 7376 418 3641 6853 5692 8459 3089
28 1235 628 2340 7711 4626 9802 5682 937 2738 1 2913 8420 6743 5690 5367 884 6518 4895 4128 2845 4366 3046 920 5101 6055 1640 5453 9331
28 7309 2307 9146 2750 6341 4273 6700 1093 4266 1199 8800 8535 4555 9938 8616 2162 19 7352 5733 5930 8212 614 9357 631 1514 1619 732 737
28 4260 6732 1541 6745 4522 3759 9023 782 6836 4988 9020 4033 7767 735 4149 8186 7500 7884 7780 2214 6116 672 9226 6568 2434 7795 4283 8456
28 9407 6434 2559 7264 6531 7018 1443 5235 5424 8925 8508 3485 9483 2952 2277 6413 6014 8112 4485 259 8216 3652 7688 640 6142 3864 6909 6662
28 8914 50 2179 5333 8661 8515 2367 3895 1264 299 6189 5358 1637 9420 8917 1242 7334 2594 1656 4070 5300 4139 5672 7909 6076 6144 8825 4866
28 3683 4568 6219 4601 531 4084 48 4509 1147 7283 6029 1908 3583 6082 3330 8732 1467 6285 7716 5316 8010 5026 1071 8674 5747 5950 7192 6542
28 2720 1771 2766 5967 1186 5134 2304 4249 4784 2135 4903 8201 5218 800 1603 6572 4496 1680 4848 7506 3188 7505 9566 9169 2974 7434 7994 6858
28 3872 7663 9313 7622 897 7337 7893 8155 2043 7452 3666 146 9793 302 2081 9001 2333 6977 3918 6777 8600 5799 8467 5810 155 9195 9682 3002
28 6200 9496 7743 1933 8885 2760 6834 396 8272 2282 6420 5410 2733 142 9410 8892 5957 7360 8852 4637 9544 2105 3699 3792 616 1335 6625 8772
28 3974 5992 1076 274 7515 9373 7399 3927 5546 6317 4100 4271 4557 8880 6848 4475 2958 3206 2402 581 4617 4920 1107 5469 9088 180 9016 8684
28 4539 8343 5658 4135 5890 4893 3957 1362 9330 7156 5791 6574 8334 5106 1146 6181 7619 6724 2945 1211 9346 6479 3084 3672 9009 1591 3279 8363
28 7414 2256 2272 3697 842 2225 4007 4905 2762 2204 1022 1548 6486 1671 2235 9609 2364 1774 3936 6698 2691 856 1669 6240 1456 3032 7437 3600
28 4715 3550 7603 8539 5144 5430 113 3349 2522 6166 9277 8988 9917 9833 1303 7469 6742 823 2448 1728 495 7476 6828 6855 953 205 8563 4881
28 1810 5223 1272 5669 2797 8194 2173 5850 1358 5841 5395 6384 3359 8213 8533 3244 2553 3552 4235 7904 4624 8823 5075 752 5779 8496 5795 5678
28 2918 197 8659 4823 3033 9425 6939 7075 4816 6165 8819 2839 2872 9433 2721 7546 233 7040 6707 824 2879 6383 7048 4678 6802 8146 9152 4940
28 9933 2555 8361 8806 2908 785 8989 1401 7052 1741 9260 5007 6458 65 9431 4528 2909 3805 5834 6334 5050 6489 9050 5620 5789 3395 8690 9519
28 5001 9896 3193 1446 8623 3050 4666 9359 946 925 8767 6260 1288 8505 1183 8058 7853 5684 9681 7612 4424 9239 7657 6598 733 5225 5605 9633
28 9665 3804 9985 9113 9993 9945 537 8158 9158 1511 6894 1708 4755 9375 4457 9418 6914 8516 1922 8427 5718 8303 7965 407 6058 2663 7153 1702
28 9533 8926 4765 9470 6895 8531 6242 6984 5173 7594 5719 2973 9602 4854 9805 6614 8706 3082 471 8240 9069 6346 6564 4682 4342 2115 8810 4297
28 5140 1105 8746 9585 6654 3679 5355 2346 9027 5681 8922 8396 4842 9666 693 8862 1979 8824 5736 3566 5907 7705 3998 6561 6649 7143 4775 1629
